
===========================================================================
report_checks -unconstrained
===========================================================================
======================= max_ff_n40C_1v95 Corner ===================================

Startpoint: _3360_ (rising edge-triggered flip-flop clocked by hz100)
Endpoint: _3334_ (recovery check against rising-edge clock hz100)
Path Group: asynchronous
Path Type: max

Fanout         Cap        Slew       Delay        Time   Description
---------------------------------------------------------------------------------------------
                                  0.000000    0.000000   clock hz100 (rise edge)
                                  0.000000    0.000000   clock source latency
     1    0.034129    0.118819    0.084226    0.084226 ^ hz100 (in)
                                                         hz100 (net)
                      0.119212    0.000000    0.084226 ^ clkbuf_0_hz100/A (sky130_fd_sc_hd__clkbuf_16)
     4    0.083690    0.077512    0.142556    0.226782 ^ clkbuf_0_hz100/X (sky130_fd_sc_hd__clkbuf_16)
                                                         clknet_0_hz100 (net)
                      0.078131    0.005496    0.232278 ^ clkbuf_2_2__f_hz100/A (sky130_fd_sc_hd__clkbuf_16)
    10    0.095901    0.086623    0.137129    0.369407 ^ clkbuf_2_2__f_hz100/X (sky130_fd_sc_hd__clkbuf_16)
                                                         clknet_2_2__leaf_hz100 (net)
                      0.088030    0.008741    0.378148 ^ clkbuf_leaf_24_hz100/A (sky130_fd_sc_hd__clkbuf_8)
    17    0.057902    0.083682    0.136878    0.515026 ^ clkbuf_leaf_24_hz100/X (sky130_fd_sc_hd__clkbuf_8)
                                                         clknet_leaf_24_hz100 (net)
                      0.083832    0.002878    0.517904 ^ _3360_/CLK (sky130_fd_sc_hd__dfxtp_1)
     2    0.021186    0.153254    0.286428    0.804331 ^ _3360_/Q (sky130_fd_sc_hd__dfxtp_1)
                                                         matmult_inst.addr[1] (net)
                      0.153262    0.001239    0.805571 ^ fanout262/A (sky130_fd_sc_hd__buf_2)
     8    0.051682    0.190393    0.203096    1.008667 ^ fanout262/X (sky130_fd_sc_hd__buf_2)
                                                         net262 (net)
                      0.190445    0.002634    1.011300 ^ fanout261/A (sky130_fd_sc_hd__clkbuf_2)
    10    0.040574    0.170982    0.189182    1.200482 ^ fanout261/X (sky130_fd_sc_hd__clkbuf_2)
                                                         net261 (net)
                      0.171164    0.004564    1.205046 ^ _1616_/B (sky130_fd_sc_hd__and2_1)
     2    0.010647    0.085757    0.131806    1.336852 ^ _1616_/X (sky130_fd_sc_hd__and2_1)
                                                         _0535_ (net)
                      0.085757    0.000411    1.337263 ^ fanout198/A (sky130_fd_sc_hd__buf_2)
    10    0.054294    0.200158    0.196553    1.533816 ^ fanout198/X (sky130_fd_sc_hd__buf_2)
                                                         net198 (net)
                      0.200701    0.008529    1.542345 ^ _1627_/A (sky130_fd_sc_hd__or4b_4)
     4    0.062092    0.139709    0.193327    1.735672 ^ _1627_/X (sky130_fd_sc_hd__or4b_4)
                                                         _0546_ (net)
                      0.140052    0.005671    1.741343 ^ fanout133/A (sky130_fd_sc_hd__dlymetal6s2s_1)
     7    0.027086    0.214836    0.202692    1.944035 ^ fanout133/X (sky130_fd_sc_hd__dlymetal6s2s_1)
                                                         net133 (net)
                      0.214854    0.001635    1.945671 ^ fanout132/A (sky130_fd_sc_hd__clkbuf_2)
     7    0.027220    0.117359    0.156748    2.102419 ^ fanout132/X (sky130_fd_sc_hd__clkbuf_2)
                                                         net132 (net)
                      0.117413    0.000936    2.103356 ^ fanout131/A (sky130_fd_sc_hd__clkbuf_2)
    10    0.031714    0.135135    0.157928    2.261284 ^ fanout131/X (sky130_fd_sc_hd__clkbuf_2)
                                                         net131 (net)
                      0.135289    0.003726    2.265010 ^ _3216_/A (sky130_fd_sc_hd__and2_1)
     1    0.004771    0.046648    0.098070    2.363080 ^ _3216_/X (sky130_fd_sc_hd__and2_1)
                                                         _0113_ (net)
                      0.046648    0.000135    2.363214 ^ _3334_/SET_B (sky130_fd_sc_hd__dfstp_1)
                                              2.363214   data arrival time

                                 25.000000   25.000000   clock hz100 (rise edge)
                                  0.000000   25.000000   clock source latency
     1    0.034129    0.118819    0.084226   25.084225 ^ hz100 (in)
                                                         hz100 (net)
                      0.119212    0.000000   25.084225 ^ clkbuf_0_hz100/A (sky130_fd_sc_hd__clkbuf_16)
     4    0.083690    0.077512    0.142556   25.226782 ^ clkbuf_0_hz100/X (sky130_fd_sc_hd__clkbuf_16)
                                                         clknet_0_hz100 (net)
                      0.078171    0.005672   25.232452 ^ clkbuf_2_3__f_hz100/A (sky130_fd_sc_hd__clkbuf_16)
    10    0.095280    0.085757    0.138190   25.370644 ^ clkbuf_2_3__f_hz100/X (sky130_fd_sc_hd__clkbuf_16)
                                                         clknet_2_3__leaf_hz100 (net)
                      0.086328    0.005587   25.376230 ^ clkbuf_leaf_9_hz100/A (sky130_fd_sc_hd__clkbuf_8)
    11    0.050599    0.074698    0.129983   25.506212 ^ clkbuf_leaf_9_hz100/X (sky130_fd_sc_hd__clkbuf_8)
                                                         clknet_leaf_9_hz100 (net)
                      0.074831    0.002544   25.508757 ^ _3334_/CLK (sky130_fd_sc_hd__dfstp_1)
                                 -0.250000   25.258757   clock uncertainty
                                  0.000000   25.258757   clock reconvergence pessimism
                                  0.091529   25.350286   library recovery time
                                             25.350286   data required time
---------------------------------------------------------------------------------------------
                                             25.350286   data required time
                                             -2.363214   data arrival time
---------------------------------------------------------------------------------------------
                                             22.987072   slack (MET)


Startpoint: _3670_ (rising edge-triggered flip-flop clocked by hz100)
Endpoint: ready (output port clocked by hz100)
Path Group: hz100
Path Type: max

Fanout         Cap        Slew       Delay        Time   Description
---------------------------------------------------------------------------------------------
                                  0.000000    0.000000   clock hz100 (rise edge)
                                  0.000000    0.000000   clock source latency
     1    0.034129    0.118819    0.084226    0.084226 ^ hz100 (in)
                                                         hz100 (net)
                      0.119212    0.000000    0.084226 ^ clkbuf_0_hz100/A (sky130_fd_sc_hd__clkbuf_16)
     4    0.083690    0.077512    0.142556    0.226782 ^ clkbuf_0_hz100/X (sky130_fd_sc_hd__clkbuf_16)
                                                         clknet_0_hz100 (net)
                      0.078056    0.005160    0.231942 ^ clkbuf_2_0__f_hz100/A (sky130_fd_sc_hd__clkbuf_16)
     7    0.080663    0.074940    0.130976    0.362917 ^ clkbuf_2_0__f_hz100/X (sky130_fd_sc_hd__clkbuf_16)
                                                         clknet_2_0__leaf_hz100 (net)
                      0.075143    0.003115    0.366032 ^ clkbuf_leaf_28_hz100/A (sky130_fd_sc_hd__clkbuf_8)
    12    0.052464    0.076874    0.128672    0.494704 ^ clkbuf_leaf_28_hz100/X (sky130_fd_sc_hd__clkbuf_8)
                                                         clknet_leaf_28_hz100 (net)
                      0.077010    0.002211    0.496915 ^ _3670_/CLK (sky130_fd_sc_hd__dfxtp_1)
     5    0.019425    0.067711    0.239724    0.736638 v _3670_/Q (sky130_fd_sc_hd__dfxtp_1)
                                                         matmult_inst.fsm_inst.state[2] (net)
                      0.067716    0.000634    0.737272 v fanout199/A (sky130_fd_sc_hd__clkbuf_2)
    10    0.030840    0.083572    0.135408    0.872680 v fanout199/X (sky130_fd_sc_hd__clkbuf_2)
                                                         net199 (net)
                      0.083595    0.001310    0.873990 v _1617_/A (sky130_fd_sc_hd__nor2_1)
     2    0.007679    0.110436    0.125014    0.999004 ^ _1617_/Y (sky130_fd_sc_hd__nor2_1)
                                                         _0536_ (net)
                      0.110439    0.000486    0.999490 ^ _1619_/B (sky130_fd_sc_hd__nand2_1)
     6    0.017993    0.100935    0.094170    1.093659 v _1619_/Y (sky130_fd_sc_hd__nand2_1)
                                                         _0538_ (net)
                      0.100952    0.001079    1.094738 v _1621_/A (sky130_fd_sc_hd__nor2_1)
     2    0.011979    0.161903    0.167902    1.262640 ^ _1621_/Y (sky130_fd_sc_hd__nor2_1)
                                                         _0540_ (net)
                      0.161905    0.000450    1.263090 ^ wire156/A (sky130_fd_sc_hd__buf_1)
     3    0.013500    0.122524    0.123316    1.386406 ^ wire156/X (sky130_fd_sc_hd__buf_1)
                                                         net156 (net)
                      0.122532    0.000798    1.387204 ^ _1955_/C (sky130_fd_sc_hd__and4_1)
     1    0.006664    0.062166    0.139515    1.526719 ^ _1955_/X (sky130_fd_sc_hd__and4_1)
                                                         net5 (net)
                      0.062169    0.000506    1.527224 ^ output5/A (sky130_fd_sc_hd__buf_2)
     1    0.034449    0.128888    0.145794    1.673019 ^ output5/X (sky130_fd_sc_hd__buf_2)
                                                         ready (net)
                      0.128918    0.001613    1.674631 ^ ready (out)
                                              1.674631   data arrival time

                                 25.000000   25.000000   clock hz100 (rise edge)
                                  0.000000   25.000000   clock network delay (propagated)
                                 -0.250000   24.750000   clock uncertainty
                                  0.000000   24.750000   clock reconvergence pessimism
                                 -5.000000   19.750000   output external delay
                                             19.750000   data required time
---------------------------------------------------------------------------------------------
                                             19.750000   data required time
                                             -1.674631   data arrival time
---------------------------------------------------------------------------------------------
                                             18.075367   slack (MET)




===========================================================================
report_checks --slack_max -0.01
============================================================================
======================= max_ff_n40C_1v95 Corner ===================================

No paths found.


===========================================================================
 report_check_types -max_slew -max_cap -max_fanout -violators
============================================================================
======================= max_ff_n40C_1v95 Corner ===================================

max fanout

Pin                                   Limit Fanout  Slack
---------------------------------------------------------
clkbuf_leaf_18_hz100/X                   10     21    -11 (VIOLATED)
clkbuf_leaf_26_hz100/X                   10     21    -11 (VIOLATED)
clkbuf_leaf_17_hz100/X                   10     19     -9 (VIOLATED)
clkbuf_leaf_25_hz100/X                   10     19     -9 (VIOLATED)
clkbuf_leaf_7_hz100/X                    10     19     -9 (VIOLATED)
clkbuf_leaf_8_hz100/X                    10     19     -9 (VIOLATED)
clkbuf_leaf_1_hz100/X                    10     18     -8 (VIOLATED)
clkbuf_leaf_2_hz100/X                    10     18     -8 (VIOLATED)
clkbuf_leaf_24_hz100/X                   10     17     -7 (VIOLATED)
clkbuf_leaf_29_hz100/X                   10     17     -7 (VIOLATED)
clkbuf_leaf_10_hz100/X                   10     16     -6 (VIOLATED)
clkbuf_leaf_12_hz100/X                   10     16     -6 (VIOLATED)
clkbuf_leaf_16_hz100/X                   10     16     -6 (VIOLATED)
clkbuf_leaf_21_hz100/X                   10     16     -6 (VIOLATED)
clkbuf_leaf_22_hz100/X                   10     15     -5 (VIOLATED)
clkbuf_leaf_6_hz100/X                    10     15     -5 (VIOLATED)
clkbuf_leaf_13_hz100/X                   10     14     -4 (VIOLATED)
clkbuf_leaf_23_hz100/X                   10     14     -4 (VIOLATED)
clkbuf_leaf_14_hz100/X                   10     12     -2 (VIOLATED)
clkbuf_leaf_15_hz100/X                   10     12     -2 (VIOLATED)
clkbuf_leaf_20_hz100/X                   10     12     -2 (VIOLATED)
clkbuf_leaf_28_hz100/X                   10     12     -2 (VIOLATED)
clkbuf_leaf_27_hz100/X                   10     11        (VIOLATED)
clkbuf_leaf_9_hz100/X                    10     11        (VIOLATED)
fanout116/X                              10     11        (VIOLATED)



===========================================================================
report_parasitic_annotation -report_unannotated
============================================================================
Found 31 unannotated drivers.
 _3270__294/LO
 clkload0/Y
 clkload1/Y
 clkload10/Y
 clkload11/Y
 clkload12/Y
 clkload13/Y
 clkload14/Y
 clkload15/Y
 clkload16/Y
 clkload17/Y
 clkload18/Y
 clkload19/Y
 clkload2/X
 clkload20/Y
 clkload21/X
 clkload22/Y
 clkload23/Y
 clkload24/Y
 clkload25/Y
 clkload26/Y
 clkload27/Y
 clkload28/Y
 clkload29/Y
 clkload3/Y
 clkload4/Y
 clkload5/Y
 clkload6/Y
 clkload7/Y
 clkload8/Y
 clkload9/Y
Found 0 partially unannotated drivers.

===========================================================================
max slew violation count 0
max fanout violation count 25
max cap violation count 0
============================================================================

===========================================================================
check_setup -verbose -unconstrained_endpoints -multiple_clock -no_clock -no_input_delay -loops -generated_clocks
===========================================================================
Warning: There are 38 unclocked register/latch pins.
  _3251_/CLK
  _3270_/CLK
  _3271_/CLK
  _3272_/CLK
  _3273_/CLK
  _3274_/CLK
  _3275_/CLK
  _3276_/CLK
  _3277_/CLK
  _3278_/CLK
  _3279_/CLK
  _3280_/CLK
  _3281_/CLK
  _3282_/CLK
  _3283_/CLK
  _3284_/CLK
  _3285_/CLK
  _3286_/CLK
  _3316_/CLK
  _3317_/CLK
  _3318_/CLK
  _3319_/CLK
  _3320_/CLK
  _3321_/CLK
  _3322_/CLK
  _3324_/CLK
  _3326_/CLK
  _3327_/CLK
  _3328_/CLK
  _3329_/CLK
  _3330_/CLK
  _3331_/CLK
  _3332_/CLK
  _3333_/CLK
  _3335_/CLK
  _3336_/CLK
  _3337_/CLK
  _3338_/CLK
Warning: There are 47 unconstrained endpoints.
  _3243_/D
  _3244_/D
  _3245_/D
  _3246_/D
  _3247_/D
  _3248_/D
  _3249_/D
  _3250_/D
  _3251_/D
  _3270_/D
  _3271_/D
  _3272_/D
  _3273_/D
  _3274_/D
  _3275_/D
  _3276_/D
  _3277_/D
  _3278_/D
  _3279_/D
  _3280_/D
  _3281_/D
  _3282_/D
  _3283_/D
  _3284_/D
  _3285_/D
  _3286_/D
  _3315_/D
  _3316_/D
  _3317_/D
  _3318_/D
  _3319_/D
  _3320_/D
  _3321_/D
  _3322_/D
  _3324_/D
  _3326_/D
  _3327_/D
  _3328_/D
  _3329_/D
  _3330_/D
  _3331_/D
  _3332_/D
  _3333_/D
  _3335_/D
  _3336_/D
  _3337_/D
  _3338_/D
