Clock: hz100
Sources: hz100 
Generated: no
Virtual: yes
Propagated: no
Period: 25.000000

===========================================================================
report_clock_properties
============================================================================
Clock                   Period          Waveform
----------------------------------------------------
hz100                25.000000    0.000000 12.500000

===========================================================================
report_clock_latency
============================================================================
Clock hz100
rise -> rise
    min     max
0.000000 0.000000 source latency
0.480248         network latency _3404_/CLK
        5.596724 network latency _3322_/CLK
---------------
0.480248 5.596724 latency
        5.116476 skew

rise -> fall
    min     max
0.000000 0.000000 source latency
5.236332         network latency _3282_/CLK
        5.687648 network latency _3322_/CLK
---------------
5.236332 5.687648 latency
        0.451316 skew

fall -> fall
    min     max
0.000000 0.000000 source latency
0.421825         network latency _3404_/CLK
        0.453946 network latency _3302_/CLK
---------------
0.421825 0.453946 latency
        0.032121 skew



===========================================================================
report_clock_min_period
============================================================================
hz100 period_min = 3.11 fmax = 321.22
