
===========================================================================
report_checks -unconstrained
===========================================================================
======================= max_ss_100C_1v60 Corner ===================================

Startpoint: _3360_ (rising edge-triggered flip-flop clocked by hz100)
Endpoint: _3334_ (recovery check against rising-edge clock hz100)
Path Group: asynchronous
Path Type: max

Fanout         Cap        Slew       Delay        Time   Description
---------------------------------------------------------------------------------------------
                                  0.000000    0.000000   clock hz100 (rise edge)
                                  0.000000    0.000000   clock source latency
     1    0.034060    0.247694    0.174101    0.174101 ^ hz100 (in)
                                                         hz100 (net)
                      0.247876    0.000000    0.174101 ^ clkbuf_0_hz100/A (sky130_fd_sc_hd__clkbuf_16)
     4    0.083414    0.153657    0.375674    0.549775 ^ clkbuf_0_hz100/X (sky130_fd_sc_hd__clkbuf_16)
                                                         clknet_0_hz100 (net)
                      0.153915    0.005501    0.555276 ^ clkbuf_2_2__f_hz100/A (sky130_fd_sc_hd__clkbuf_16)
    10    0.095511    0.170604    0.345747    0.901024 ^ clkbuf_2_2__f_hz100/X (sky130_fd_sc_hd__clkbuf_16)
                                                         clknet_2_2__leaf_hz100 (net)
                      0.171313    0.008776    0.909800 ^ clkbuf_leaf_24_hz100/A (sky130_fd_sc_hd__clkbuf_8)
    17    0.053839    0.163098    0.348604    1.258404 ^ clkbuf_leaf_24_hz100/X (sky130_fd_sc_hd__clkbuf_8)
                                                         clknet_leaf_24_hz100 (net)
                      0.163146    0.002682    1.261086 ^ _3360_/CLK (sky130_fd_sc_hd__dfxtp_1)
     2    0.021002    0.321207    0.857430    2.118516 ^ _3360_/Q (sky130_fd_sc_hd__dfxtp_1)
                                                         matmult_inst.addr[1] (net)
                      0.321208    0.001224    2.119740 ^ fanout262/A (sky130_fd_sc_hd__buf_2)
     8    0.050586    0.394548    0.537379    2.657119 ^ fanout262/X (sky130_fd_sc_hd__buf_2)
                                                         net262 (net)
                      0.394557    0.002581    2.659700 ^ fanout261/A (sky130_fd_sc_hd__clkbuf_2)
    10    0.038930    0.333744    0.513470    3.173170 ^ fanout261/X (sky130_fd_sc_hd__clkbuf_2)
                                                         net261 (net)
                      0.333802    0.004364    3.177534 ^ _1616_/B (sky130_fd_sc_hd__and2_1)
     2    0.010515    0.186792    0.406043    3.583577 ^ _1616_/X (sky130_fd_sc_hd__and2_1)
                                                         _0535_ (net)
                      0.186792    0.000403    3.583980 ^ fanout198/A (sky130_fd_sc_hd__buf_2)
    10    0.053761    0.418193    0.497511    4.081491 ^ fanout198/X (sky130_fd_sc_hd__buf_2)
                                                         net198 (net)
                      0.418441    0.008459    4.089950 ^ _1627_/A (sky130_fd_sc_hd__or4b_4)
     4    0.061547    0.295843    0.559824    4.649774 ^ _1627_/X (sky130_fd_sc_hd__or4b_4)
                                                         _0546_ (net)
                      0.295962    0.005620    4.655394 ^ fanout133/A (sky130_fd_sc_hd__dlymetal6s2s_1)
     7    0.026019    0.414687    0.502121    5.157515 ^ fanout133/X (sky130_fd_sc_hd__dlymetal6s2s_1)
                                                         net133 (net)
                      0.414687    0.001577    5.159091 ^ fanout132/A (sky130_fd_sc_hd__clkbuf_2)
     7    0.026371    0.232501    0.451192    5.610283 ^ fanout132/X (sky130_fd_sc_hd__clkbuf_2)
                                                         net132 (net)
                      0.232501    0.000912    5.611196 ^ fanout131/A (sky130_fd_sc_hd__clkbuf_2)
    10    0.030034    0.260826    0.401748    6.012943 ^ fanout131/X (sky130_fd_sc_hd__clkbuf_2)
                                                         net131 (net)
                      0.260875    0.003529    6.016472 ^ _3216_/A (sky130_fd_sc_hd__and2_1)
     1    0.004336    0.100417    0.312347    6.328819 ^ _3216_/X (sky130_fd_sc_hd__and2_1)
                                                         _0113_ (net)
                      0.100417    0.000121    6.328940 ^ _3334_/SET_B (sky130_fd_sc_hd__dfstp_1)
                                              6.328940   data arrival time

                                 25.000000   25.000000   clock hz100 (rise edge)
                                  0.000000   25.000000   clock source latency
     1    0.034060    0.247694    0.174101   25.174101 ^ hz100 (in)
                                                         hz100 (net)
                      0.247876    0.000000   25.174101 ^ clkbuf_0_hz100/A (sky130_fd_sc_hd__clkbuf_16)
     4    0.083414    0.153657    0.375675   25.549774 ^ clkbuf_0_hz100/X (sky130_fd_sc_hd__clkbuf_16)
                                                         clknet_0_hz100 (net)
                      0.153934    0.005677   25.555452 ^ clkbuf_2_3__f_hz100/A (sky130_fd_sc_hd__clkbuf_16)
    10    0.094890    0.168868    0.346397   25.901848 ^ clkbuf_2_3__f_hz100/X (sky130_fd_sc_hd__clkbuf_16)
                                                         clknet_2_3__leaf_hz100 (net)
                      0.169237    0.005587   25.907434 ^ clkbuf_leaf_9_hz100/A (sky130_fd_sc_hd__clkbuf_8)
    11    0.048518    0.150168    0.337824   26.245258 ^ clkbuf_leaf_9_hz100/X (sky130_fd_sc_hd__clkbuf_8)
                                                         clknet_leaf_9_hz100 (net)
                      0.150210    0.002442   26.247702 ^ _3334_/CLK (sky130_fd_sc_hd__dfstp_1)
                                 -0.250000   25.997702   clock uncertainty
                                  0.000000   25.997702   clock reconvergence pessimism
                                  0.288624   26.286327   library recovery time
                                             26.286327   data required time
---------------------------------------------------------------------------------------------
                                             26.286327   data required time
                                             -6.328940   data arrival time
---------------------------------------------------------------------------------------------
                                             19.957388   slack (MET)


Startpoint: _3670_ (rising edge-triggered flip-flop clocked by hz100)
Endpoint: ready (output port clocked by hz100)
Path Group: hz100
Path Type: max

Fanout         Cap        Slew       Delay        Time   Description
---------------------------------------------------------------------------------------------
                                  0.000000    0.000000   clock hz100 (rise edge)
                                  0.000000    0.000000   clock source latency
     1    0.034060    0.247694    0.174101    0.174101 ^ hz100 (in)
                                                         hz100 (net)
                      0.247876    0.000000    0.174101 ^ clkbuf_0_hz100/A (sky130_fd_sc_hd__clkbuf_16)
     4    0.083414    0.153657    0.375674    0.549775 ^ clkbuf_0_hz100/X (sky130_fd_sc_hd__clkbuf_16)
                                                         clknet_0_hz100 (net)
                      0.153881    0.005162    0.554937 ^ clkbuf_2_0__f_hz100/A (sky130_fd_sc_hd__clkbuf_16)
     7    0.080154    0.148301    0.331244    0.886181 ^ clkbuf_2_0__f_hz100/X (sky130_fd_sc_hd__clkbuf_16)
                                                         clknet_2_0__leaf_hz100 (net)
                      0.148377    0.003104    0.889285 ^ clkbuf_leaf_28_hz100/A (sky130_fd_sc_hd__clkbuf_8)
    12    0.049780    0.153194    0.330560    1.219845 ^ clkbuf_leaf_28_hz100/X (sky130_fd_sc_hd__clkbuf_8)
                                                         clknet_leaf_28_hz100 (net)
                      0.153222    0.002095    1.221940 ^ _3670_/CLK (sky130_fd_sc_hd__dfxtp_1)
     5    0.019317    0.180989    0.724912    1.946852 v _3670_/Q (sky130_fd_sc_hd__dfxtp_1)
                                                         matmult_inst.fsm_inst.state[2] (net)
                      0.180989    0.000630    1.947483 v fanout199/A (sky130_fd_sc_hd__clkbuf_2)
    10    0.030425    0.216015    0.370216    2.317699 v fanout199/X (sky130_fd_sc_hd__clkbuf_2)
                                                         net199 (net)
                      0.216020    0.001294    2.318992 v _1617_/A (sky130_fd_sc_hd__nor2_1)
     2    0.007498    0.257170    0.320987    2.639980 ^ _1617_/Y (sky130_fd_sc_hd__nor2_1)
                                                         _0536_ (net)
                      0.257170    0.000476    2.640455 ^ _1619_/B (sky130_fd_sc_hd__nand2_1)
     6    0.017451    0.308115    0.349322    2.989777 v _1619_/Y (sky130_fd_sc_hd__nand2_1)
                                                         _0538_ (net)
                      0.308115    0.001051    2.990829 v _1621_/A (sky130_fd_sc_hd__nor2_1)
     2    0.011891    0.381631    0.446438    3.437267 ^ _1621_/Y (sky130_fd_sc_hd__nor2_1)
                                                         _0540_ (net)
                      0.381631    0.000443    3.437710 ^ wire156/A (sky130_fd_sc_hd__buf_1)
     3    0.013288    0.261173    0.395214    3.832924 ^ wire156/X (sky130_fd_sc_hd__buf_1)
                                                         net156 (net)
                      0.261173    0.000776    3.833700 ^ _1955_/C (sky130_fd_sc_hd__and4_1)
     1    0.006539    0.150952    0.494486    4.328186 ^ _1955_/X (sky130_fd_sc_hd__and4_1)
                                                         net5 (net)
                      0.150952    0.000491    4.328677 ^ output5/A (sky130_fd_sc_hd__buf_2)
     1    0.034449    0.273824    0.381668    4.710346 ^ output5/X (sky130_fd_sc_hd__buf_2)
                                                         ready (net)
                      0.273829    0.001614    4.711959 ^ ready (out)
                                              4.711959   data arrival time

                                 25.000000   25.000000   clock hz100 (rise edge)
                                  0.000000   25.000000   clock network delay (propagated)
                                 -0.250000   24.750000   clock uncertainty
                                  0.000000   24.750000   clock reconvergence pessimism
                                 -5.000000   19.750000   output external delay
                                             19.750000   data required time
---------------------------------------------------------------------------------------------
                                             19.750000   data required time
                                             -4.711959   data arrival time
---------------------------------------------------------------------------------------------
                                             15.038040   slack (MET)




===========================================================================
report_checks --slack_max -0.01
============================================================================
======================= max_ss_100C_1v60 Corner ===================================

No paths found.


===========================================================================
 report_check_types -max_slew -max_cap -max_fanout -violators
============================================================================
======================= max_ss_100C_1v60 Corner ===================================

max slew

Pin                                        Limit        Slew       Slack
------------------------------------------------------------------------
_1790_/A1                               0.400000    0.607491   -0.207491 (VIOLATED)
fanout288/A                             0.400000    0.607480   -0.207480 (VIOLATED)
_3222_/Q                                0.400000    0.607479   -0.207479 (VIOLATED)
_2405_/S                                0.400000    0.578433   -0.178433 (VIOLATED)
_2404_/S                                0.400000    0.578432   -0.178432 (VIOLATED)
max_cap64/A                             0.400000    0.578431   -0.178431 (VIOLATED)
_2402_/Y                                0.400000    0.578416   -0.178416 (VIOLATED)
_2367_/S                                0.400000    0.577748   -0.177748 (VIOLATED)
_2369_/S                                0.400000    0.577747   -0.177747 (VIOLATED)
max_cap108/A                            0.400000    0.577746   -0.177746 (VIOLATED)
_2371_/S                                0.400000    0.577745   -0.177745 (VIOLATED)
_2365_/Y                                0.400000    0.577744   -0.177744 (VIOLATED)
_2742_/Y                                0.400000    0.576991   -0.176992 (VIOLATED)
fanout94/A                              0.400000    0.576991   -0.176992 (VIOLATED)
max_cap102/A                            0.400000    0.576991   -0.176992 (VIOLATED)
_2592_/A                                0.400000    0.566953   -0.166953 (VIOLATED)
_2591_/Y                                0.400000    0.566952   -0.166952 (VIOLATED)
max_cap17/A                             0.400000    0.566952   -0.166952 (VIOLATED)
_1899_/Y                                0.400000    0.558416   -0.158417 (VIOLATED)
_1900_/B1                               0.400000    0.558416   -0.158417 (VIOLATED)
max_cap90/A                             0.400000    0.558416   -0.158417 (VIOLATED)
fanout117/A                             0.400000    0.529375   -0.129375 (VIOLATED)
max_cap126/A                            0.400000    0.529363   -0.129363 (VIOLATED)
_1634_/Y                                0.400000    0.529360   -0.129360 (VIOLATED)
_1922_/Y                                0.400000    0.489416   -0.089416 (VIOLATED)
_1924_/C                                0.400000    0.489416   -0.089416 (VIOLATED)
max_cap151/A                            0.400000    0.489416   -0.089416 (VIOLATED)
_1722_/A                                0.400000    0.487429   -0.087430 (VIOLATED)
_1720_/A                                0.400000    0.487428   -0.087428 (VIOLATED)
_1766_/A                                0.400000    0.487420   -0.087420 (VIOLATED)
_1718_/A                                0.400000    0.487418   -0.087418 (VIOLATED)
_1729_/A                                0.400000    0.487409   -0.087409 (VIOLATED)
fanout269/X                             0.400000    0.487270   -0.087270 (VIOLATED)
_3170_/B                                0.400000    0.483479   -0.083479 (VIOLATED)
_3161_/B                                0.400000    0.483478   -0.083478 (VIOLATED)
_3180_/B                                0.400000    0.483474   -0.083474 (VIOLATED)
_3184_/B                                0.400000    0.483460   -0.083460 (VIOLATED)
fanout124/A                             0.400000    0.483429   -0.083429 (VIOLATED)
fanout125/X                             0.400000    0.483422   -0.083422 (VIOLATED)
_2814_/A1                               0.400000    0.476833   -0.076833 (VIOLATED)
_2813_/Y                                0.400000    0.476829   -0.076829 (VIOLATED)
_2384_/A0                               0.400000    0.458557   -0.058557 (VIOLATED)
_2394_/A0                               0.400000    0.458557   -0.058557 (VIOLATED)
_2369_/A0                               0.400000    0.458556   -0.058556 (VIOLATED)
_2404_/A0                               0.400000    0.458556   -0.058556 (VIOLATED)
_2368_/X                                0.400000    0.458550   -0.058550 (VIOLATED)
_1735_/B1                               0.400000    0.453602   -0.053602 (VIOLATED)
_1842_/B1                               0.400000    0.453589   -0.053589 (VIOLATED)
_1864_/B1                               0.400000    0.453551   -0.053551 (VIOLATED)
_1839_/B1                               0.400000    0.453519   -0.053519 (VIOLATED)
_1844_/B1                               0.400000    0.453493   -0.053493 (VIOLATED)
_1730_/B1                               0.400000    0.453457   -0.053457 (VIOLATED)
_1732_/B1                               0.400000    0.453407   -0.053407 (VIOLATED)
_1855_/B1                               0.400000    0.453380   -0.053380 (VIOLATED)
fanout178/A                             0.400000    0.453305   -0.053305 (VIOLATED)
fanout179/X                             0.400000    0.453150   -0.053150 (VIOLATED)
_3038_/S                                0.400000    0.452297   -0.052297 (VIOLATED)
_3048_/S                                0.400000    0.452190   -0.052190 (VIOLATED)
_3044_/S                                0.400000    0.452162   -0.052162 (VIOLATED)
_3049_/S                                0.400000    0.452128   -0.052128 (VIOLATED)
_3047_/S                                0.400000    0.452125   -0.052125 (VIOLATED)
_3046_/S                                0.400000    0.452058   -0.052058 (VIOLATED)
_3037_/S                                0.400000    0.452018   -0.052018 (VIOLATED)
_3045_/S                                0.400000    0.451944   -0.051944 (VIOLATED)
_3036_/S                                0.400000    0.451888   -0.051888 (VIOLATED)
_3035_/S                                0.400000    0.451817   -0.051817 (VIOLATED)
fanout29/X                              0.400000    0.451549   -0.051549 (VIOLATED)
_2362_/A3                               0.400000    0.449999   -0.050000 (VIOLATED)
_2900_/B                                0.400000    0.449997   -0.049997 (VIOLATED)
_3052_/B                                0.400000    0.449994   -0.049994 (VIOLATED)
_1857_/A1                               0.400000    0.449994   -0.049994 (VIOLATED)
_2976_/A                                0.400000    0.449993   -0.049993 (VIOLATED)
_1680_/A1                               0.400000    0.449992   -0.049992 (VIOLATED)
_1867_/A1                               0.400000    0.449992   -0.049992 (VIOLATED)
_1845_/A1                               0.400000    0.449960   -0.049960 (VIOLATED)
_1706_/B2                               0.400000    0.449710   -0.049710 (VIOLATED)
_1761_/B2                               0.400000    0.449709   -0.049709 (VIOLATED)
fanout194/X                             0.400000    0.449709   -0.049709 (VIOLATED)
_2581_/A2                               0.400000    0.440873   -0.040873 (VIOLATED)
max_cap105/A                            0.400000    0.440873   -0.040873 (VIOLATED)
_2580_/Y                                0.400000    0.440873   -0.040873 (VIOLATED)
_3187_/A                                0.400000    0.440604   -0.040604 (VIOLATED)
_3166_/A                                0.400000    0.440604   -0.040604 (VIOLATED)
_3185_/A                                0.400000    0.440604   -0.040604 (VIOLATED)
_3167_/A                                0.400000    0.440602   -0.040602 (VIOLATED)
_3168_/A                                0.400000    0.440602   -0.040602 (VIOLATED)
fanout128/X                             0.400000    0.440602   -0.040602 (VIOLATED)
_1833_/A2                               0.400000    0.440570   -0.040570 (VIOLATED)
_1831_/A2                               0.400000    0.440567   -0.040567 (VIOLATED)
_1773_/A                                0.400000    0.440566   -0.040566 (VIOLATED)
_1775_/A                                0.400000    0.440565   -0.040565 (VIOLATED)
_1777_/A                                0.400000    0.440563   -0.040563 (VIOLATED)
_1828_/A2                               0.400000    0.440562   -0.040562 (VIOLATED)
_1821_/A2                               0.400000    0.440561   -0.040561 (VIOLATED)
_1786_/A                                0.400000    0.440557   -0.040557 (VIOLATED)
_1784_/A                                0.400000    0.440555   -0.040555 (VIOLATED)
_1816_/A2                               0.400000    0.440554   -0.040554 (VIOLATED)
_1788_/A                                0.400000    0.440553   -0.040553 (VIOLATED)
_1796_/A                                0.400000    0.440552   -0.040552 (VIOLATED)
fanout190/X                             0.400000    0.440415   -0.040415 (VIOLATED)
fanout273/X                             0.400000    0.440406   -0.040406 (VIOLATED)
_2859_/B                                0.400000    0.438900   -0.038900 (VIOLATED)
_2861_/B1                               0.400000    0.438898   -0.038898 (VIOLATED)
_2858_/Y                                0.400000    0.438876   -0.038876 (VIOLATED)
_1783_/A2                               0.400000    0.436459   -0.036459 (VIOLATED)
_1772_/A2                               0.400000    0.436455   -0.036455 (VIOLATED)
_1682_/A2                               0.400000    0.436447   -0.036447 (VIOLATED)
_1836_/A2                               0.400000    0.436441   -0.036441 (VIOLATED)
_1695_/A2                               0.400000    0.436438   -0.036438 (VIOLATED)
_1824_/A2                               0.400000    0.436434   -0.036434 (VIOLATED)
_1813_/A2                               0.400000    0.436423   -0.036423 (VIOLATED)
_1880_/A2                               0.400000    0.436407   -0.036407 (VIOLATED)
fanout169/X                             0.400000    0.436387   -0.036387 (VIOLATED)
_1833_/B1                               0.400000    0.435002   -0.035002 (VIOLATED)
_1831_/B1                               0.400000    0.435001   -0.035001 (VIOLATED)
_1828_/B1                               0.400000    0.434998   -0.034998 (VIOLATED)
_1821_/B1                               0.400000    0.434995   -0.034995 (VIOLATED)
_1816_/B1                               0.400000    0.434992   -0.034992 (VIOLATED)
fanout182/X                             0.400000    0.434854   -0.034854 (VIOLATED)
max_cap20/A                             0.400000    0.433297   -0.033297 (VIOLATED)
_2593_/A1                               0.400000    0.433297   -0.033297 (VIOLATED)
_2587_/Y                                0.400000    0.433296   -0.033296 (VIOLATED)
wire6/A                                 0.400000    0.432383   -0.032383 (VIOLATED)
_2855_/Y                                0.400000    0.432380   -0.032380 (VIOLATED)
_2504_/A                                0.400000    0.425172   -0.025172 (VIOLATED)
_2505_/B1                               0.400000    0.425172   -0.025172 (VIOLATED)
_2524_/A1                               0.400000    0.425172   -0.025172 (VIOLATED)
_2471_/Y                                0.400000    0.425037   -0.025037 (VIOLATED)
max_cap171/A                            0.400000    0.425037   -0.025037 (VIOLATED)
_2807_/A1                               0.400000    0.423038   -0.023038 (VIOLATED)
_2806_/Y                                0.400000    0.423036   -0.023036 (VIOLATED)
_3019_/S                                0.400000    0.421300   -0.021300 (VIOLATED)
_3028_/S                                0.400000    0.421266   -0.021266 (VIOLATED)
_3018_/S                                0.400000    0.421193   -0.021193 (VIOLATED)
_3029_/S                                0.400000    0.421150   -0.021150 (VIOLATED)
_3025_/S                                0.400000    0.421136   -0.021136 (VIOLATED)
_3030_/S                                0.400000    0.421103   -0.021103 (VIOLATED)
_3027_/S                                0.400000    0.421077   -0.021077 (VIOLATED)
_3026_/S                                0.400000    0.421022   -0.021022 (VIOLATED)
_3017_/S                                0.400000    0.421000   -0.021000 (VIOLATED)
_3016_/S                                0.400000    0.420978   -0.020978 (VIOLATED)
fanout31/X                              0.400000    0.420798   -0.020798 (VIOLATED)
_1773_/B                                0.400000    0.420664   -0.020664 (VIOLATED)
_1777_/B                                0.400000    0.420663   -0.020663 (VIOLATED)
_1775_/B                                0.400000    0.420663   -0.020663 (VIOLATED)
_1786_/B                                0.400000    0.420653   -0.020653 (VIOLATED)
_1788_/B                                0.400000    0.420652   -0.020652 (VIOLATED)
_1784_/B                                0.400000    0.420648   -0.020648 (VIOLATED)
_1796_/B                                0.400000    0.420636   -0.020636 (VIOLATED)
fanout265/X                             0.400000    0.420489   -0.020489 (VIOLATED)
fanout280/A                             0.400000    0.420078   -0.020078 (VIOLATED)
_1806_/A1                               0.400000    0.420077   -0.020077 (VIOLATED)
_1819_/A1                               0.400000    0.420072   -0.020072 (VIOLATED)
_1795_/A1                               0.400000    0.420070   -0.020070 (VIOLATED)
_1829_/A1                               0.400000    0.420070   -0.020070 (VIOLATED)
_1834_/A1                               0.400000    0.420067   -0.020067 (VIOLATED)
_1823_/A1                               0.400000    0.420064   -0.020064 (VIOLATED)
_1879_/A1                               0.400000    0.420064   -0.020064 (VIOLATED)
_1873_/A1                               0.400000    0.420057   -0.020057 (VIOLATED)
fanout281/X                             0.400000    0.420057   -0.020057 (VIOLATED)
_2041_/B1                               0.400000    0.419968   -0.019968 (VIOLATED)
_2042_/A3                               0.400000    0.419968   -0.019968 (VIOLATED)
_2040_/Y                                0.400000    0.419966   -0.019966 (VIOLATED)
_2051_/A                                0.400000    0.419677   -0.019677 (VIOLATED)
_2031_/B1                               0.400000    0.419661   -0.019661 (VIOLATED)
_2032_/C                                0.400000    0.419661   -0.019661 (VIOLATED)
_2023_/B2                               0.400000    0.419654   -0.019654 (VIOLATED)
_2024_/D                                0.400000    0.419645   -0.019645 (VIOLATED)
_2020_/D                                0.400000    0.419610   -0.019610 (VIOLATED)
_2019_/B1                               0.400000    0.419581   -0.019581 (VIOLATED)
_2017_/B                                0.400000    0.419505   -0.019505 (VIOLATED)
_2075_/B2                               0.400000    0.419247   -0.019247 (VIOLATED)
_2751_/A0                               0.400000    0.419240   -0.019240 (VIOLATED)
fanout244/X                             0.400000    0.419237   -0.019237 (VIOLATED)
_2352_/A2                               0.400000    0.418441   -0.018441 (VIOLATED)
_1627_/A                                0.400000    0.418441   -0.018441 (VIOLATED)
_2362_/A1                               0.400000    0.418436   -0.018436 (VIOLATED)
_1978_/B                                0.400000    0.418396   -0.018396 (VIOLATED)
_3033_/A                                0.400000    0.418395   -0.018395 (VIOLATED)
_2957_/B                                0.400000    0.418389   -0.018389 (VIOLATED)
_1733_/A2                               0.400000    0.418370   -0.018370 (VIOLATED)
_1752_/A2                               0.400000    0.418297   -0.018297 (VIOLATED)
_1745_/A2                               0.400000    0.418239   -0.018239 (VIOLATED)
_1710_/A2                               0.400000    0.418206   -0.018206 (VIOLATED)
fanout198/X                             0.400000    0.418193   -0.018193 (VIOLATED)
_3186_/A                                0.400000    0.417641   -0.017641 (VIOLATED)
_3175_/A                                0.400000    0.417586   -0.017586 (VIOLATED)
_3153_/A                                0.400000    0.417577   -0.017577 (VIOLATED)
_3172_/A                                0.400000    0.417561   -0.017561 (VIOLATED)
_3173_/A                                0.400000    0.417538   -0.017538 (VIOLATED)
_3174_/A                                0.400000    0.417535   -0.017536 (VIOLATED)
_3154_/A                                0.400000    0.417497   -0.017497 (VIOLATED)
_3156_/A                                0.400000    0.417448   -0.017448 (VIOLATED)
_3155_/A                                0.400000    0.417358   -0.017358 (VIOLATED)
_3110_/A                                0.400000    0.417308   -0.017308 (VIOLATED)
fanout127/X                             0.400000    0.417303   -0.017303 (VIOLATED)
_3010_/S                                0.400000    0.416777   -0.016777 (VIOLATED)
_3006_/S                                0.400000    0.416771   -0.016771 (VIOLATED)
_3011_/S                                0.400000    0.416769   -0.016769 (VIOLATED)
_3008_/S                                0.400000    0.416713   -0.016713 (VIOLATED)
_3007_/S                                0.400000    0.416692   -0.016692 (VIOLATED)
_3009_/S                                0.400000    0.416515   -0.016515 (VIOLATED)
_3000_/S                                0.400000    0.416504   -0.016504 (VIOLATED)
_2998_/S                                0.400000    0.416498   -0.016498 (VIOLATED)
_2999_/S                                0.400000    0.416479   -0.016479 (VIOLATED)
_2997_/S                                0.400000    0.416470   -0.016470 (VIOLATED)
fanout33/X                              0.400000    0.416440   -0.016440 (VIOLATED)
_2380_/A                                0.400000    0.415129   -0.015129 (VIOLATED)
_1802_/X                                0.400000    0.415125   -0.015125 (VIOLATED)
_1803_/A1                               0.400000    0.415125   -0.015125 (VIOLATED)
_3194_/A                                0.400000    0.414688   -0.014688 (VIOLATED)
_3157_/A                                0.400000    0.414687   -0.014687 (VIOLATED)
_3158_/A                                0.400000    0.414687   -0.014687 (VIOLATED)
_3176_/A                                0.400000    0.414687   -0.014687 (VIOLATED)
_3195_/A                                0.400000    0.414687   -0.014687 (VIOLATED)
_3205_/A                                0.400000    0.414687   -0.014687 (VIOLATED)
fanout132/A                             0.400000    0.414687   -0.014687 (VIOLATED)
fanout133/X                             0.400000    0.414687   -0.014687 (VIOLATED)
fanout286/A                             0.400000    0.413550   -0.013550 (VIOLATED)
fanout285/A                             0.400000    0.413546   -0.013546 (VIOLATED)
fanout284/A                             0.400000    0.413523   -0.013523 (VIOLATED)
_3223_/Q                                0.400000    0.413520   -0.013520 (VIOLATED)
_2112_/B1                               0.400000    0.412004   -0.012004 (VIOLATED)
_2131_/A1                               0.400000    0.412004   -0.012004 (VIOLATED)
max_cap173/A                            0.400000    0.412003   -0.012003 (VIOLATED)
_2111_/A                                0.400000    0.412003   -0.012003 (VIOLATED)
_2076_/Y                                0.400000    0.412002   -0.012002 (VIOLATED)
_2076_/B                                0.400000    0.411660   -0.011661 (VIOLATED)
_2153_/A                                0.400000    0.411659   -0.011659 (VIOLATED)
_2152_/A                                0.400000    0.411659   -0.011659 (VIOLATED)
_2108_/A                                0.400000    0.411656   -0.011656 (VIOLATED)
fanout244/A                             0.400000    0.411635   -0.011635 (VIOLATED)
_3422_/Q                                0.400000    0.411634   -0.011634 (VIOLATED)
_1748_/B1                               0.400000    0.405168   -0.005168 (VIOLATED)
_1769_/A1                               0.400000    0.405164   -0.005164 (VIOLATED)
_1747_/X                                0.400000    0.405161   -0.005161 (VIOLATED)
_1760_/B2                               0.400000    0.405153   -0.005153 (VIOLATED)
fanout283/A                             0.400000    0.405133   -0.005133 (VIOLATED)
_1867_/B2                               0.400000    0.405095   -0.005095 (VIOLATED)
fanout282/A                             0.400000    0.405093   -0.005093 (VIOLATED)
_1846_/B2                               0.400000    0.405090   -0.005090 (VIOLATED)
fanout284/X                             0.400000    0.405089   -0.005089 (VIOLATED)
_1770_/A2                               0.400000    0.403984   -0.003984 (VIOLATED)
_1715_/A2                               0.400000    0.403942   -0.003942 (VIOLATED)
_1726_/A2                               0.400000    0.403890   -0.003890 (VIOLATED)
fanout40/A                              0.400000    0.403792   -0.003792 (VIOLATED)
fanout39/A                              0.400000    0.403788   -0.003788 (VIOLATED)
_2938_/X                                0.400000    0.403787   -0.003787 (VIOLATED)
_1737_/A2                               0.400000    0.403786   -0.003786 (VIOLATED)
fanout91/A                              0.400000    0.403723   -0.003723 (VIOLATED)
_1881_/S                                0.400000    0.403693   -0.003693 (VIOLATED)
_1870_/S                                0.400000    0.403665   -0.003665 (VIOLATED)
_1848_/S                                0.400000    0.403538   -0.003538 (VIOLATED)
_3339_/D                                0.400000    0.403534   -0.003534 (VIOLATED)
_1859_/S                                0.400000    0.403524   -0.003524 (VIOLATED)
fanout92/X                              0.400000    0.403467   -0.003467 (VIOLATED)
fanout42/A                              0.400000    0.401276   -0.001276 (VIOLATED)
fanout41/A                              0.400000    0.401268   -0.001268 (VIOLATED)
_2919_/X                                0.400000    0.401267   -0.001267 (VIOLATED)
wire8/A                                 0.400000    0.400544   -0.000544 (VIOLATED)
_2849_/Y                                0.400000    0.400543   -0.000543 (VIOLATED)

max fanout

Pin                                   Limit Fanout  Slack
---------------------------------------------------------
clkbuf_leaf_18_hz100/X                   10     21    -11 (VIOLATED)
clkbuf_leaf_26_hz100/X                   10     21    -11 (VIOLATED)
clkbuf_leaf_17_hz100/X                   10     19     -9 (VIOLATED)
clkbuf_leaf_25_hz100/X                   10     19     -9 (VIOLATED)
clkbuf_leaf_7_hz100/X                    10     19     -9 (VIOLATED)
clkbuf_leaf_8_hz100/X                    10     19     -9 (VIOLATED)
clkbuf_leaf_1_hz100/X                    10     18     -8 (VIOLATED)
clkbuf_leaf_2_hz100/X                    10     18     -8 (VIOLATED)
clkbuf_leaf_24_hz100/X                   10     17     -7 (VIOLATED)
clkbuf_leaf_29_hz100/X                   10     17     -7 (VIOLATED)
clkbuf_leaf_10_hz100/X                   10     16     -6 (VIOLATED)
clkbuf_leaf_12_hz100/X                   10     16     -6 (VIOLATED)
clkbuf_leaf_16_hz100/X                   10     16     -6 (VIOLATED)
clkbuf_leaf_21_hz100/X                   10     16     -6 (VIOLATED)
clkbuf_leaf_22_hz100/X                   10     15     -5 (VIOLATED)
clkbuf_leaf_6_hz100/X                    10     15     -5 (VIOLATED)
clkbuf_leaf_13_hz100/X                   10     14     -4 (VIOLATED)
clkbuf_leaf_23_hz100/X                   10     14     -4 (VIOLATED)
clkbuf_leaf_14_hz100/X                   10     12     -2 (VIOLATED)
clkbuf_leaf_15_hz100/X                   10     12     -2 (VIOLATED)
clkbuf_leaf_20_hz100/X                   10     12     -2 (VIOLATED)
clkbuf_leaf_28_hz100/X                   10     12     -2 (VIOLATED)
clkbuf_leaf_27_hz100/X                   10     11        (VIOLATED)
clkbuf_leaf_9_hz100/X                    10     11        (VIOLATED)
fanout116/X                              10     11        (VIOLATED)



===========================================================================
report_parasitic_annotation -report_unannotated
============================================================================
Found 31 unannotated drivers.
 _3270__294/LO
 clkload0/Y
 clkload1/Y
 clkload10/Y
 clkload11/Y
 clkload12/Y
 clkload13/Y
 clkload14/Y
 clkload15/Y
 clkload16/Y
 clkload17/Y
 clkload18/Y
 clkload19/Y
 clkload2/X
 clkload20/Y
 clkload21/X
 clkload22/Y
 clkload23/Y
 clkload24/Y
 clkload25/Y
 clkload26/Y
 clkload27/Y
 clkload28/Y
 clkload29/Y
 clkload3/Y
 clkload4/Y
 clkload5/Y
 clkload6/Y
 clkload7/Y
 clkload8/Y
 clkload9/Y
Found 0 partially unannotated drivers.

===========================================================================
max slew violation count 261
max fanout violation count 25
max cap violation count 0
============================================================================

===========================================================================
check_setup -verbose -unconstrained_endpoints -multiple_clock -no_clock -no_input_delay -loops -generated_clocks
===========================================================================
Warning: There are 38 unclocked register/latch pins.
  _3251_/CLK
  _3270_/CLK
  _3271_/CLK
  _3272_/CLK
  _3273_/CLK
  _3274_/CLK
  _3275_/CLK
  _3276_/CLK
  _3277_/CLK
  _3278_/CLK
  _3279_/CLK
  _3280_/CLK
  _3281_/CLK
  _3282_/CLK
  _3283_/CLK
  _3284_/CLK
  _3285_/CLK
  _3286_/CLK
  _3316_/CLK
  _3317_/CLK
  _3318_/CLK
  _3319_/CLK
  _3320_/CLK
  _3321_/CLK
  _3322_/CLK
  _3324_/CLK
  _3326_/CLK
  _3327_/CLK
  _3328_/CLK
  _3329_/CLK
  _3330_/CLK
  _3331_/CLK
  _3332_/CLK
  _3333_/CLK
  _3335_/CLK
  _3336_/CLK
  _3337_/CLK
  _3338_/CLK
Warning: There are 47 unconstrained endpoints.
  _3243_/D
  _3244_/D
  _3245_/D
  _3246_/D
  _3247_/D
  _3248_/D
  _3249_/D
  _3250_/D
  _3251_/D
  _3270_/D
  _3271_/D
  _3272_/D
  _3273_/D
  _3274_/D
  _3275_/D
  _3276_/D
  _3277_/D
  _3278_/D
  _3279_/D
  _3280_/D
  _3281_/D
  _3282_/D
  _3283_/D
  _3284_/D
  _3285_/D
  _3286_/D
  _3315_/D
  _3316_/D
  _3317_/D
  _3318_/D
  _3319_/D
  _3320_/D
  _3321_/D
  _3322_/D
  _3324_/D
  _3326_/D
  _3327_/D
  _3328_/D
  _3329_/D
  _3330_/D
  _3331_/D
  _3332_/D
  _3333_/D
  _3335_/D
  _3336_/D
  _3337_/D
  _3338_/D
