Clock: hz100
Sources: hz100 
Generated: no
Virtual: yes
Propagated: no
Period: 25.000000

===========================================================================
report_clock_properties
============================================================================
Clock                   Period          Waveform
----------------------------------------------------
hz100                25.000000    0.000000 12.500000

===========================================================================
report_clock_latency
============================================================================
Clock hz100
rise -> rise
    min     max
0.000000 0.000000 source latency
1.190053         network latency _3404_/CLK
        6.614593 network latency _3316_/CLK
---------------
1.190053 6.614593 latency
        5.424540 skew

rise -> fall
    min     max
0.000000 0.000000 source latency
5.655825         network latency _3282_/CLK
        6.866579 network latency _3316_/CLK
---------------
5.655825 6.866579 latency
        1.210754 skew

fall -> fall
    min     max
0.000000 0.000000 source latency
1.086348         network latency _3404_/CLK
        1.149271 network latency _3302_/CLK
---------------
1.086348 1.149271 latency
        0.062923 skew



===========================================================================
report_clock_min_period
============================================================================
hz100 period_min = 9.47 fmax = 105.57
