Clock: hz100
Sources: hz100 
Generated: no
Virtual: yes
Propagated: no
Period: 25.000000

===========================================================================
report_clock_properties
============================================================================
Clock                   Period          Waveform
----------------------------------------------------
hz100                25.000000    0.000000 12.500000

===========================================================================
report_clock_latency
============================================================================
Clock hz100
rise -> rise
    min     max
0.000000 0.000000 source latency
0.653603         network latency _3404_/CLK
        5.835752 network latency _3316_/CLK
---------------
0.653603 5.835752 latency
        5.182149 skew

rise -> fall
    min     max
0.000000 0.000000 source latency
5.326287         network latency _3275_/CLK
        5.967306 network latency _3316_/CLK
---------------
5.326287 5.967306 latency
        0.641019 skew

fall -> fall
    min     max
0.000000 0.000000 source latency
0.585311         network latency _3404_/CLK
        0.618756 network latency _3310_/CLK
---------------
0.585311 0.618756 latency
        0.033444 skew



===========================================================================
report_clock_min_period
============================================================================
hz100 period_min = 4.75 fmax = 210.53
