
===========================================================================
report_checks -unconstrained
===========================================================================
======================= nom_ss_100C_1v60 Corner ===================================

Startpoint: _3360_ (rising edge-triggered flip-flop clocked by hz100)
Endpoint: _3334_ (recovery check against rising-edge clock hz100)
Path Group: asynchronous
Path Type: max

Fanout         Cap        Slew       Delay        Time   Description
---------------------------------------------------------------------------------------------
                                  0.000000    0.000000   clock hz100 (rise edge)
                                  0.000000    0.000000   clock source latency
     1    0.032681    0.239008    0.166553    0.166553 ^ hz100 (in)
                                                         hz100 (net)
                      0.239118    0.000000    0.166553 ^ clkbuf_0_hz100/A (sky130_fd_sc_hd__clkbuf_16)
     4    0.078750    0.146496    0.368156    0.534710 ^ clkbuf_0_hz100/X (sky130_fd_sc_hd__clkbuf_16)
                                                         clknet_0_hz100 (net)
                      0.146583    0.003263    0.537972 ^ clkbuf_2_2__f_hz100/A (sky130_fd_sc_hd__clkbuf_16)
    10    0.089554    0.161366    0.337943    0.875915 ^ clkbuf_2_2__f_hz100/X (sky130_fd_sc_hd__clkbuf_16)
                                                         clknet_2_2__leaf_hz100 (net)
                      0.161669    0.004679    0.880595 ^ clkbuf_leaf_24_hz100/A (sky130_fd_sc_hd__clkbuf_8)
    17    0.052379    0.159816    0.342370    1.222965 ^ clkbuf_leaf_24_hz100/X (sky130_fd_sc_hd__clkbuf_8)
                                                         clknet_leaf_24_hz100 (net)
                      0.159820    0.001085    1.224050 ^ _3360_/CLK (sky130_fd_sc_hd__dfxtp_1)
     2    0.021101    0.322487    0.857325    2.081374 ^ _3360_/Q (sky130_fd_sc_hd__dfxtp_1)
                                                         matmult_inst.addr[1] (net)
                      0.322487    0.000534    2.081908 ^ fanout262/A (sky130_fd_sc_hd__buf_2)
     8    0.046866    0.366511    0.519870    2.601778 ^ fanout262/X (sky130_fd_sc_hd__buf_2)
                                                         net262 (net)
                      0.366511    0.000978    2.602757 ^ fanout261/A (sky130_fd_sc_hd__clkbuf_2)
    10    0.036837    0.316453    0.492221    3.094978 ^ fanout261/X (sky130_fd_sc_hd__clkbuf_2)
                                                         net261 (net)
                      0.316461    0.002061    3.097039 ^ _1616_/B (sky130_fd_sc_hd__and2_1)
     2    0.009999    0.179293    0.394903    3.491942 ^ _1616_/X (sky130_fd_sc_hd__and2_1)
                                                         _0535_ (net)
                      0.179293    0.000219    3.492160 ^ fanout198/A (sky130_fd_sc_hd__buf_2)
    10    0.050726    0.395229    0.480149    3.972309 ^ fanout198/X (sky130_fd_sc_hd__buf_2)
                                                         net198 (net)
                      0.395411    0.004353    3.976662 ^ _1627_/A (sky130_fd_sc_hd__or4b_4)
     4    0.056091    0.273066    0.534039    4.510700 ^ _1627_/X (sky130_fd_sc_hd__or4b_4)
                                                         _0546_ (net)
                      0.273098    0.003103    4.513803 ^ fanout133/A (sky130_fd_sc_hd__dlymetal6s2s_1)
     7    0.024497    0.392650    0.479589    4.993393 ^ fanout133/X (sky130_fd_sc_hd__dlymetal6s2s_1)
                                                         net133 (net)
                      0.392650    0.000809    4.994202 ^ fanout132/A (sky130_fd_sc_hd__clkbuf_2)
     7    0.025129    0.222225    0.436217    5.430419 ^ fanout132/X (sky130_fd_sc_hd__clkbuf_2)
                                                         net132 (net)
                      0.222225    0.000363    5.430783 ^ fanout131/A (sky130_fd_sc_hd__clkbuf_2)
    10    0.028816    0.250705    0.391744    5.822526 ^ fanout131/X (sky130_fd_sc_hd__clkbuf_2)
                                                         net131 (net)
                      0.250713    0.001708    5.824234 ^ _3216_/A (sky130_fd_sc_hd__and2_1)
     1    0.004279    0.099467    0.308075    6.132308 ^ _3216_/X (sky130_fd_sc_hd__and2_1)
                                                         _0113_ (net)
                      0.099467    0.000062    6.132370 ^ _3334_/SET_B (sky130_fd_sc_hd__dfstp_1)
                                              6.132370   data arrival time

                                 25.000000   25.000000   clock hz100 (rise edge)
                                  0.000000   25.000000   clock source latency
     1    0.032681    0.239008    0.166553   25.166552 ^ hz100 (in)
                                                         hz100 (net)
                      0.239118    0.000000   25.166552 ^ clkbuf_0_hz100/A (sky130_fd_sc_hd__clkbuf_16)
     4    0.078750    0.146496    0.368157   25.534710 ^ clkbuf_0_hz100/X (sky130_fd_sc_hd__clkbuf_16)
                                                         clknet_0_hz100 (net)
                      0.146590    0.003377   25.538086 ^ clkbuf_2_3__f_hz100/A (sky130_fd_sc_hd__clkbuf_16)
    10    0.089508    0.161328    0.338545   25.876631 ^ clkbuf_2_3__f_hz100/X (sky130_fd_sc_hd__clkbuf_16)
                                                         clknet_2_3__leaf_hz100 (net)
                      0.161392    0.002990   25.879622 ^ clkbuf_leaf_9_hz100/A (sky130_fd_sc_hd__clkbuf_8)
    11    0.047400    0.147737    0.332932   26.212553 ^ clkbuf_leaf_9_hz100/X (sky130_fd_sc_hd__clkbuf_8)
                                                         clknet_leaf_9_hz100 (net)
                      0.147743    0.001167   26.213720 ^ _3334_/CLK (sky130_fd_sc_hd__dfstp_1)
                                 -0.250000   25.963720   clock uncertainty
                                  0.000000   25.963720   clock reconvergence pessimism
                                  0.288003   26.251724   library recovery time
                                             26.251724   data required time
---------------------------------------------------------------------------------------------
                                             26.251724   data required time
                                             -6.132370   data arrival time
---------------------------------------------------------------------------------------------
                                             20.119352   slack (MET)


Startpoint: _3670_ (rising edge-triggered flip-flop clocked by hz100)
Endpoint: ready (output port clocked by hz100)
Path Group: hz100
Path Type: max

Fanout         Cap        Slew       Delay        Time   Description
---------------------------------------------------------------------------------------------
                                  0.000000    0.000000   clock hz100 (rise edge)
                                  0.000000    0.000000   clock source latency
     1    0.032681    0.239008    0.166553    0.166553 ^ hz100 (in)
                                                         hz100 (net)
                      0.239118    0.000000    0.166553 ^ clkbuf_0_hz100/A (sky130_fd_sc_hd__clkbuf_16)
     4    0.078750    0.146496    0.368156    0.534710 ^ clkbuf_0_hz100/X (sky130_fd_sc_hd__clkbuf_16)
                                                         clknet_0_hz100 (net)
                      0.146565    0.002958    0.537667 ^ clkbuf_2_0__f_hz100/A (sky130_fd_sc_hd__clkbuf_16)
     7    0.077292    0.144356    0.325739    0.863406 ^ clkbuf_2_0__f_hz100/X (sky130_fd_sc_hd__clkbuf_16)
                                                         clknet_2_0__leaf_hz100 (net)
                      0.144369    0.001471    0.864877 ^ clkbuf_leaf_28_hz100/A (sky130_fd_sc_hd__clkbuf_8)
    12    0.048723    0.150886    0.327619    1.192496 ^ clkbuf_leaf_28_hz100/X (sky130_fd_sc_hd__clkbuf_8)
                                                         clknet_leaf_28_hz100 (net)
                      0.150888    0.000788    1.193284 ^ _3670_/CLK (sky130_fd_sc_hd__dfxtp_1)
     5    0.018417    0.173310    0.718525    1.911808 v _3670_/Q (sky130_fd_sc_hd__dfxtp_1)
                                                         matmult_inst.fsm_inst.state[2] (net)
                      0.173310    0.000271    1.912079 v fanout199/A (sky130_fd_sc_hd__clkbuf_2)
    10    0.029329    0.208654    0.361746    2.273826 v fanout199/X (sky130_fd_sc_hd__clkbuf_2)
                                                         net199 (net)
                      0.208654    0.000582    2.274407 v _1617_/A (sky130_fd_sc_hd__nor2_1)
     2    0.007191    0.248653    0.311889    2.586296 ^ _1617_/Y (sky130_fd_sc_hd__nor2_1)
                                                         _0536_ (net)
                      0.248653    0.000179    2.586474 ^ _1619_/B (sky130_fd_sc_hd__nand2_1)
     6    0.016831    0.297526    0.339304    2.925778 v _1619_/Y (sky130_fd_sc_hd__nand2_1)
                                                         _0538_ (net)
                      0.297526    0.000432    2.926211 v _1621_/A (sky130_fd_sc_hd__nor2_1)
     2    0.011385    0.367182    0.432259    3.358469 ^ _1621_/Y (sky130_fd_sc_hd__nor2_1)
                                                         _0540_ (net)
                      0.367182    0.000205    3.358675 ^ wire156/A (sky130_fd_sc_hd__buf_1)
     3    0.012552    0.247718    0.381852    3.740526 ^ wire156/X (sky130_fd_sc_hd__buf_1)
                                                         net156 (net)
                      0.247718    0.000401    3.740927 ^ _1955_/C (sky130_fd_sc_hd__and4_1)
     1    0.006088    0.144971    0.484815    4.225742 ^ _1955_/X (sky130_fd_sc_hd__and4_1)
                                                         net5 (net)
                      0.144971    0.000236    4.225978 ^ output5/A (sky130_fd_sc_hd__buf_2)
     1    0.034393    0.273227    0.379174    4.605153 ^ output5/X (sky130_fd_sc_hd__buf_2)
                                                         ready (net)
                      0.273227    0.000748    4.605901 ^ ready (out)
                                              4.605901   data arrival time

                                 25.000000   25.000000   clock hz100 (rise edge)
                                  0.000000   25.000000   clock network delay (propagated)
                                 -0.250000   24.750000   clock uncertainty
                                  0.000000   24.750000   clock reconvergence pessimism
                                 -5.000000   19.750000   output external delay
                                             19.750000   data required time
---------------------------------------------------------------------------------------------
                                             19.750000   data required time
                                             -4.605901   data arrival time
---------------------------------------------------------------------------------------------
                                             15.144100   slack (MET)




===========================================================================
report_checks --slack_max -0.01
============================================================================
======================= nom_ss_100C_1v60 Corner ===================================

No paths found.


===========================================================================
 report_check_types -max_slew -max_cap -max_fanout -violators
============================================================================
======================= nom_ss_100C_1v60 Corner ===================================

max slew

Pin                                        Limit        Slew       Slack
------------------------------------------------------------------------
_1790_/A1                               0.400000    0.591440   -0.191441 (VIOLATED)
_3222_/Q                                0.400000    0.591439   -0.191439 (VIOLATED)
fanout288/A                             0.400000    0.591439   -0.191439 (VIOLATED)
_2742_/Y                                0.400000    0.589830   -0.189829 (VIOLATED)
fanout94/A                              0.400000    0.589830   -0.189829 (VIOLATED)
max_cap102/A                            0.400000    0.589830   -0.189829 (VIOLATED)
_2405_/S                                0.400000    0.578686   -0.178686 (VIOLATED)
_2404_/S                                0.400000    0.578686   -0.178686 (VIOLATED)
max_cap64/A                             0.400000    0.578686   -0.178686 (VIOLATED)
_2402_/Y                                0.400000    0.578683   -0.178683 (VIOLATED)
_1899_/Y                                0.400000    0.570911   -0.170911 (VIOLATED)
_1900_/B1                               0.400000    0.570911   -0.170911 (VIOLATED)
max_cap90/A                             0.400000    0.570911   -0.170911 (VIOLATED)
_2367_/S                                0.400000    0.566634   -0.166634 (VIOLATED)
_2369_/S                                0.400000    0.566634   -0.166634 (VIOLATED)
_2365_/Y                                0.400000    0.566633   -0.166633 (VIOLATED)
_2371_/S                                0.400000    0.566633   -0.166633 (VIOLATED)
max_cap108/A                            0.400000    0.566633   -0.166633 (VIOLATED)
_2591_/Y                                0.400000    0.557815   -0.157815 (VIOLATED)
_2592_/A                                0.400000    0.557815   -0.157815 (VIOLATED)
max_cap17/A                             0.400000    0.557815   -0.157815 (VIOLATED)
fanout117/A                             0.400000    0.502648   -0.102649 (VIOLATED)
max_cap126/A                            0.400000    0.502642   -0.102642 (VIOLATED)
_1634_/Y                                0.400000    0.502641   -0.102641 (VIOLATED)
_1922_/Y                                0.400000    0.501543   -0.101543 (VIOLATED)
_1924_/C                                0.400000    0.501543   -0.101543 (VIOLATED)
max_cap151/A                            0.400000    0.501543   -0.101543 (VIOLATED)
_3170_/B                                0.400000    0.458744   -0.058744 (VIOLATED)
_3161_/B                                0.400000    0.458742   -0.058742 (VIOLATED)
_3180_/B                                0.400000    0.458741   -0.058741 (VIOLATED)
_3184_/B                                0.400000    0.458738   -0.058738 (VIOLATED)
fanout124/A                             0.400000    0.458730   -0.058730 (VIOLATED)
fanout125/X                             0.400000    0.458729   -0.058729 (VIOLATED)
_1722_/A                                0.400000    0.456029   -0.056029 (VIOLATED)
_1720_/A                                0.400000    0.456029   -0.056029 (VIOLATED)
_1718_/A                                0.400000    0.456028   -0.056028 (VIOLATED)
_1729_/A                                0.400000    0.456028   -0.056028 (VIOLATED)
_1766_/A                                0.400000    0.456028   -0.056028 (VIOLATED)
fanout269/X                             0.400000    0.456028   -0.056028 (VIOLATED)
_2814_/A1                               0.400000    0.455739   -0.055739 (VIOLATED)
_2813_/Y                                0.400000    0.455738   -0.055738 (VIOLATED)
_2368_/X                                0.400000    0.449700   -0.049700 (VIOLATED)
_2369_/A0                               0.400000    0.449700   -0.049700 (VIOLATED)
_2384_/A0                               0.400000    0.449700   -0.049700 (VIOLATED)
_2394_/A0                               0.400000    0.449700   -0.049700 (VIOLATED)
_2404_/A0                               0.400000    0.449700   -0.049700 (VIOLATED)
_2580_/Y                                0.400000    0.433081   -0.033081 (VIOLATED)
_2581_/A2                               0.400000    0.433081   -0.033081 (VIOLATED)
max_cap105/A                            0.400000    0.433081   -0.033081 (VIOLATED)
_3038_/S                                0.400000    0.428573   -0.028573 (VIOLATED)
_3047_/S                                0.400000    0.428527   -0.028527 (VIOLATED)
_3048_/S                                0.400000    0.428523   -0.028523 (VIOLATED)
_3044_/S                                0.400000    0.428515   -0.028515 (VIOLATED)
_3049_/S                                0.400000    0.428508   -0.028508 (VIOLATED)
_3037_/S                                0.400000    0.428500   -0.028500 (VIOLATED)
_3046_/S                                0.400000    0.428497   -0.028497 (VIOLATED)
_3045_/S                                0.400000    0.428478   -0.028478 (VIOLATED)
_3036_/S                                0.400000    0.428471   -0.028471 (VIOLATED)
_3035_/S                                0.400000    0.428461   -0.028461 (VIOLATED)
fanout29/X                              0.400000    0.428453   -0.028453 (VIOLATED)
_1735_/B1                               0.400000    0.428209   -0.028209 (VIOLATED)
_1842_/B1                               0.400000    0.428205   -0.028205 (VIOLATED)
_1864_/B1                               0.400000    0.428195   -0.028195 (VIOLATED)
_1839_/B1                               0.400000    0.428038   -0.028038 (VIOLATED)
_1844_/B1                               0.400000    0.428032   -0.028032 (VIOLATED)
_1730_/B1                               0.400000    0.428020   -0.028020 (VIOLATED)
_1732_/B1                               0.400000    0.428009   -0.028009 (VIOLATED)
_1855_/B1                               0.400000    0.428001   -0.028001 (VIOLATED)
fanout178/A                             0.400000    0.427993   -0.027993 (VIOLATED)
fanout179/X                             0.400000    0.427993   -0.027993 (VIOLATED)
_2859_/B                                0.400000    0.424069   -0.024069 (VIOLATED)
_2861_/B1                               0.400000    0.424069   -0.024069 (VIOLATED)
_2858_/Y                                0.400000    0.424063   -0.024063 (VIOLATED)
_2362_/A3                               0.400000    0.422375   -0.022375 (VIOLATED)
_2900_/B                                0.400000    0.422374   -0.022374 (VIOLATED)
_1857_/A1                               0.400000    0.422373   -0.022373 (VIOLATED)
_3052_/B                                0.400000    0.422373   -0.022373 (VIOLATED)
_2976_/A                                0.400000    0.422373   -0.022373 (VIOLATED)
_1680_/A1                               0.400000    0.422373   -0.022373 (VIOLATED)
_1867_/A1                               0.400000    0.422369   -0.022369 (VIOLATED)
_1845_/A1                               0.400000    0.422363   -0.022363 (VIOLATED)
_1706_/B2                               0.400000    0.422346   -0.022346 (VIOLATED)
_1761_/B2                               0.400000    0.422346   -0.022346 (VIOLATED)
fanout194/X                             0.400000    0.422346   -0.022346 (VIOLATED)
_2587_/Y                                0.400000    0.421851   -0.021851 (VIOLATED)
_2593_/A1                               0.400000    0.421851   -0.021851 (VIOLATED)
max_cap20/A                             0.400000    0.421851   -0.021851 (VIOLATED)
_1816_/A2                               0.400000    0.418372   -0.018372 (VIOLATED)
_1821_/A2                               0.400000    0.418372   -0.018372 (VIOLATED)
_1828_/A2                               0.400000    0.418372   -0.018372 (VIOLATED)
_1831_/A2                               0.400000    0.418372   -0.018372 (VIOLATED)
_1833_/A2                               0.400000    0.418372   -0.018372 (VIOLATED)
fanout190/X                             0.400000    0.418372   -0.018372 (VIOLATED)
_1773_/A                                0.400000    0.418150   -0.018150 (VIOLATED)
_1775_/A                                0.400000    0.418150   -0.018150 (VIOLATED)
_1777_/A                                0.400000    0.418150   -0.018150 (VIOLATED)
_1784_/A                                0.400000    0.418150   -0.018150 (VIOLATED)
_1786_/A                                0.400000    0.418150   -0.018150 (VIOLATED)
_1788_/A                                0.400000    0.418150   -0.018150 (VIOLATED)
_1796_/A                                0.400000    0.418150   -0.018150 (VIOLATED)
fanout273/X                             0.400000    0.418150   -0.018150 (VIOLATED)
wire6/A                                 0.400000    0.414913   -0.014913 (VIOLATED)
_2855_/Y                                0.400000    0.414912   -0.014912 (VIOLATED)
_1816_/B1                               0.400000    0.414445   -0.014445 (VIOLATED)
_1821_/B1                               0.400000    0.414445   -0.014445 (VIOLATED)
_1828_/B1                               0.400000    0.414445   -0.014445 (VIOLATED)
_1831_/B1                               0.400000    0.414445   -0.014445 (VIOLATED)
_1833_/B1                               0.400000    0.414445   -0.014445 (VIOLATED)
fanout182/X                             0.400000    0.414445   -0.014445 (VIOLATED)
_2471_/Y                                0.400000    0.410663   -0.010663 (VIOLATED)
_2504_/A                                0.400000    0.410663   -0.010663 (VIOLATED)
_2505_/B1                               0.400000    0.410663   -0.010663 (VIOLATED)
_2524_/A1                               0.400000    0.410663   -0.010663 (VIOLATED)
max_cap171/A                            0.400000    0.410663   -0.010663 (VIOLATED)
_3166_/A                                0.400000    0.409016   -0.009016 (VIOLATED)
_3167_/A                                0.400000    0.409016   -0.009016 (VIOLATED)
_3168_/A                                0.400000    0.409016   -0.009016 (VIOLATED)
_3185_/A                                0.400000    0.409016   -0.009016 (VIOLATED)
_3187_/A                                0.400000    0.409016   -0.009016 (VIOLATED)
fanout128/X                             0.400000    0.409016   -0.009016 (VIOLATED)
_1747_/X                                0.400000    0.407854   -0.007854 (VIOLATED)
_1748_/B1                               0.400000    0.407854   -0.007854 (VIOLATED)
_1783_/A2                               0.400000    0.407210   -0.007210 (VIOLATED)
_1772_/A2                               0.400000    0.407209   -0.007209 (VIOLATED)
_1682_/A2                               0.400000    0.407207   -0.007207 (VIOLATED)
_1836_/A2                               0.400000    0.407205   -0.007205 (VIOLATED)
_1695_/A2                               0.400000    0.407205   -0.007205 (VIOLATED)
_1824_/A2                               0.400000    0.407203   -0.007203 (VIOLATED)
_1813_/A2                               0.400000    0.407201   -0.007201 (VIOLATED)
_1880_/A2                               0.400000    0.407198   -0.007198 (VIOLATED)
fanout169/X                             0.400000    0.407198   -0.007198 (VIOLATED)
_2040_/Y                                0.400000    0.403356   -0.003356 (VIOLATED)
_2041_/B1                               0.400000    0.403356   -0.003356 (VIOLATED)
_2042_/A3                               0.400000    0.403356   -0.003356 (VIOLATED)
_2051_/A                                0.400000    0.402975   -0.002975 (VIOLATED)
_2032_/C                                0.400000    0.402971   -0.002971 (VIOLATED)
_2031_/B1                               0.400000    0.402970   -0.002970 (VIOLATED)
_2023_/B2                               0.400000    0.402969   -0.002969 (VIOLATED)
_2024_/D                                0.400000    0.402968   -0.002968 (VIOLATED)
_2020_/D                                0.400000    0.402962   -0.002962 (VIOLATED)
_2019_/B1                               0.400000    0.402957   -0.002957 (VIOLATED)
_2017_/B                                0.400000    0.402946   -0.002946 (VIOLATED)
_2075_/B2                               0.400000    0.402932   -0.002932 (VIOLATED)
_2751_/A0                               0.400000    0.402932   -0.002932 (VIOLATED)
fanout244/X                             0.400000    0.402932   -0.002932 (VIOLATED)
_2807_/A1                               0.400000    0.402649   -0.002649 (VIOLATED)
_2806_/Y                                0.400000    0.402648   -0.002648 (VIOLATED)
_3019_/S                                0.400000    0.401245   -0.001245 (VIOLATED)
_2076_/Y                                0.400000    0.401236   -0.001236 (VIOLATED)
_2111_/A                                0.400000    0.401236   -0.001236 (VIOLATED)
_2112_/B1                               0.400000    0.401236   -0.001236 (VIOLATED)
_2131_/A1                               0.400000    0.401236   -0.001236 (VIOLATED)
max_cap173/A                            0.400000    0.401236   -0.001236 (VIOLATED)
_3028_/S                                0.400000    0.401230   -0.001230 (VIOLATED)
_3029_/S                                0.400000    0.401220   -0.001220 (VIOLATED)
_3025_/S                                0.400000    0.401214   -0.001214 (VIOLATED)
_3018_/S                                0.400000    0.401214   -0.001214 (VIOLATED)
_3030_/S                                0.400000    0.401202   -0.001202 (VIOLATED)
_3027_/S                                0.400000    0.401196   -0.001196 (VIOLATED)
_3026_/S                                0.400000    0.401183   -0.001183 (VIOLATED)
_3017_/S                                0.400000    0.401176   -0.001176 (VIOLATED)
_3016_/S                                0.400000    0.401174   -0.001174 (VIOLATED)
fanout31/X                              0.400000    0.401172   -0.001172 (VIOLATED)
_3010_/S                                0.400000    0.400733   -0.000733 (VIOLATED)
_3006_/S                                0.400000    0.400731   -0.000731 (VIOLATED)
_3011_/S                                0.400000    0.400730   -0.000730 (VIOLATED)
_3008_/S                                0.400000    0.400720   -0.000720 (VIOLATED)
_3007_/S                                0.400000    0.400713   -0.000713 (VIOLATED)
_3000_/S                                0.400000    0.400712   -0.000713 (VIOLATED)
_3009_/S                                0.400000    0.400710   -0.000710 (VIOLATED)
_2998_/S                                0.400000    0.400704   -0.000704 (VIOLATED)
_2999_/S                                0.400000    0.400703   -0.000703 (VIOLATED)
_2997_/S                                0.400000    0.400699   -0.000699 (VIOLATED)
fanout33/X                              0.400000    0.400698   -0.000698 (VIOLATED)

max fanout

Pin                                   Limit Fanout  Slack
---------------------------------------------------------
clkbuf_leaf_18_hz100/X                   10     21    -11 (VIOLATED)
clkbuf_leaf_26_hz100/X                   10     21    -11 (VIOLATED)
clkbuf_leaf_17_hz100/X                   10     19     -9 (VIOLATED)
clkbuf_leaf_25_hz100/X                   10     19     -9 (VIOLATED)
clkbuf_leaf_7_hz100/X                    10     19     -9 (VIOLATED)
clkbuf_leaf_8_hz100/X                    10     19     -9 (VIOLATED)
clkbuf_leaf_1_hz100/X                    10     18     -8 (VIOLATED)
clkbuf_leaf_2_hz100/X                    10     18     -8 (VIOLATED)
clkbuf_leaf_24_hz100/X                   10     17     -7 (VIOLATED)
clkbuf_leaf_29_hz100/X                   10     17     -7 (VIOLATED)
clkbuf_leaf_10_hz100/X                   10     16     -6 (VIOLATED)
clkbuf_leaf_12_hz100/X                   10     16     -6 (VIOLATED)
clkbuf_leaf_16_hz100/X                   10     16     -6 (VIOLATED)
clkbuf_leaf_21_hz100/X                   10     16     -6 (VIOLATED)
clkbuf_leaf_22_hz100/X                   10     15     -5 (VIOLATED)
clkbuf_leaf_6_hz100/X                    10     15     -5 (VIOLATED)
clkbuf_leaf_13_hz100/X                   10     14     -4 (VIOLATED)
clkbuf_leaf_23_hz100/X                   10     14     -4 (VIOLATED)
clkbuf_leaf_14_hz100/X                   10     12     -2 (VIOLATED)
clkbuf_leaf_15_hz100/X                   10     12     -2 (VIOLATED)
clkbuf_leaf_20_hz100/X                   10     12     -2 (VIOLATED)
clkbuf_leaf_28_hz100/X                   10     12     -2 (VIOLATED)
clkbuf_leaf_27_hz100/X                   10     11        (VIOLATED)
clkbuf_leaf_9_hz100/X                    10     11        (VIOLATED)
fanout116/X                              10     11        (VIOLATED)



===========================================================================
report_parasitic_annotation -report_unannotated
============================================================================
Found 31 unannotated drivers.
 _3270__294/LO
 clkload0/Y
 clkload1/Y
 clkload10/Y
 clkload11/Y
 clkload12/Y
 clkload13/Y
 clkload14/Y
 clkload15/Y
 clkload16/Y
 clkload17/Y
 clkload18/Y
 clkload19/Y
 clkload2/X
 clkload20/Y
 clkload21/X
 clkload22/Y
 clkload23/Y
 clkload24/Y
 clkload25/Y
 clkload26/Y
 clkload27/Y
 clkload28/Y
 clkload29/Y
 clkload3/Y
 clkload4/Y
 clkload5/Y
 clkload6/Y
 clkload7/Y
 clkload8/Y
 clkload9/Y
Found 0 partially unannotated drivers.

===========================================================================
max slew violation count 174
max fanout violation count 25
max cap violation count 0
============================================================================

===========================================================================
check_setup -verbose -unconstrained_endpoints -multiple_clock -no_clock -no_input_delay -loops -generated_clocks
===========================================================================
Warning: There are 38 unclocked register/latch pins.
  _3251_/CLK
  _3270_/CLK
  _3271_/CLK
  _3272_/CLK
  _3273_/CLK
  _3274_/CLK
  _3275_/CLK
  _3276_/CLK
  _3277_/CLK
  _3278_/CLK
  _3279_/CLK
  _3280_/CLK
  _3281_/CLK
  _3282_/CLK
  _3283_/CLK
  _3284_/CLK
  _3285_/CLK
  _3286_/CLK
  _3316_/CLK
  _3317_/CLK
  _3318_/CLK
  _3319_/CLK
  _3320_/CLK
  _3321_/CLK
  _3322_/CLK
  _3324_/CLK
  _3326_/CLK
  _3327_/CLK
  _3328_/CLK
  _3329_/CLK
  _3330_/CLK
  _3331_/CLK
  _3332_/CLK
  _3333_/CLK
  _3335_/CLK
  _3336_/CLK
  _3337_/CLK
  _3338_/CLK
Warning: There are 47 unconstrained endpoints.
  _3243_/D
  _3244_/D
  _3245_/D
  _3246_/D
  _3247_/D
  _3248_/D
  _3249_/D
  _3250_/D
  _3251_/D
  _3270_/D
  _3271_/D
  _3272_/D
  _3273_/D
  _3274_/D
  _3275_/D
  _3276_/D
  _3277_/D
  _3278_/D
  _3279_/D
  _3280_/D
  _3281_/D
  _3282_/D
  _3283_/D
  _3284_/D
  _3285_/D
  _3286_/D
  _3315_/D
  _3316_/D
  _3317_/D
  _3318_/D
  _3319_/D
  _3320_/D
  _3321_/D
  _3322_/D
  _3324_/D
  _3326_/D
  _3327_/D
  _3328_/D
  _3329_/D
  _3330_/D
  _3331_/D
  _3332_/D
  _3333_/D
  _3335_/D
  _3336_/D
  _3337_/D
  _3338_/D
