
===========================================================================
report_checks -unconstrained
===========================================================================
======================= min_ss_100C_1v60 Corner ===================================

Startpoint: nRST (input port clocked by CLK)
Endpoint: _3828_ (recovery check against rising-edge clock CLK)
Path Group: asynchronous
Path Type: max

Fanout         Cap        Slew       Delay        Time   Description
---------------------------------------------------------------------------------------------
                                  0.000000    0.000000   clock CLK (rise edge)
                                  0.000000    0.000000   clock network delay (propagated)
                                  5.000000    5.000000 ^ input external delay
     2    0.004116    0.041112    0.022702    5.022702 ^ nRST (in)
                                                         nRST (net)
                      0.041112    0.000000    5.022702 ^ input33/A (sky130_fd_sc_hd__clkbuf_4)
     9    0.070424    0.338020    0.430241    5.452943 ^ input33/X (sky130_fd_sc_hd__clkbuf_4)
                                                         net33 (net)
                      0.338154    0.002811    5.455754 ^ fanout170/A (sky130_fd_sc_hd__clkbuf_4)
    11    0.062074    0.300996    0.536790    5.992544 ^ fanout170/X (sky130_fd_sc_hd__clkbuf_4)
                                                         net170 (net)
                      0.300996    0.000141    5.992685 ^ fanout169/A (sky130_fd_sc_hd__buf_2)
    11    0.046453    0.363212    0.510017    6.502703 ^ fanout169/X (sky130_fd_sc_hd__buf_2)
                                                         net169 (net)
                      0.363212    0.000297    6.503000 ^ fanout168/A (sky130_fd_sc_hd__clkbuf_4)
    21    0.061966    0.301025    0.550571    7.053571 ^ fanout168/X (sky130_fd_sc_hd__clkbuf_4)
                                                         net168 (net)
                      0.301025    0.000947    7.054518 ^ fanout167/A (sky130_fd_sc_hd__clkbuf_4)
    10    0.043846    0.221877    0.464423    7.518941 ^ fanout167/X (sky130_fd_sc_hd__clkbuf_4)
                                                         net167 (net)
                      0.221882    0.001386    7.520328 ^ _3828_/RESET_B (sky130_fd_sc_hd__dfrtp_4)
                                              7.520328   data arrival time

                                 25.000000   25.000000   clock CLK (rise edge)
                                  0.000000   25.000000   clock source latency
     2    0.041103    0.298064    0.208793   25.208792 ^ CLK (in)
                                                         CLK (net)
                      0.298209    0.000000   25.208792 ^ clkbuf_0_CLK/A (sky130_fd_sc_hd__clkbuf_16)
     9    0.078312    0.146653    0.392467   25.601259 ^ clkbuf_0_CLK/X (sky130_fd_sc_hd__clkbuf_16)
                                                         clknet_0_CLK (net)
                      0.146677    0.001920   25.603178 ^ clkbuf_2_3__f_CLK/A (sky130_fd_sc_hd__clkbuf_16)
    25    0.125883    0.212921    0.378186   25.981365 ^ clkbuf_2_3__f_CLK/X (sky130_fd_sc_hd__clkbuf_16)
                                                         clknet_2_3__leaf_CLK (net)
                      0.212950    0.002531   25.983896 ^ clkbuf_leaf_19_CLK/A (sky130_fd_sc_hd__clkbuf_8)
     4    0.025965    0.097760    0.315213   26.299109 ^ clkbuf_leaf_19_CLK/X (sky130_fd_sc_hd__clkbuf_8)
                                                         clknet_leaf_19_CLK (net)
                      0.097760    0.000151   26.299261 ^ _3828_/CLK (sky130_fd_sc_hd__dfrtp_4)
                                 -0.250000   26.049261   clock uncertainty
                                  0.000000   26.049261   clock reconvergence pessimism
                                  0.382092   26.431353   library recovery time
                                             26.431353   data required time
---------------------------------------------------------------------------------------------
                                             26.431353   data required time
                                             -7.520328   data arrival time
---------------------------------------------------------------------------------------------
                                             18.911024   slack (MET)


Startpoint: _3943_ (rising edge-triggered flip-flop clocked by CLK)
Endpoint: _3922_ (rising edge-triggered flip-flop clocked by CLK)
Path Group: CLK
Path Type: max

Fanout         Cap        Slew       Delay        Time   Description
---------------------------------------------------------------------------------------------
                                  0.000000    0.000000   clock CLK (rise edge)
                                  0.000000    0.000000   clock source latency
     2    0.041103    0.298064    0.208793    0.208793 ^ CLK (in)
                                                         CLK (net)
                      0.298209    0.000000    0.208793 ^ clkbuf_0_CLK/A (sky130_fd_sc_hd__clkbuf_16)
     9    0.078312    0.146653    0.392467    0.601260 ^ clkbuf_0_CLK/X (sky130_fd_sc_hd__clkbuf_16)
                                                         clknet_0_CLK (net)
                      0.146695    0.002380    0.603640 ^ clkbuf_2_0__f_CLK/A (sky130_fd_sc_hd__clkbuf_16)
    25    0.125060    0.211221    0.376467    0.980107 ^ clkbuf_2_0__f_CLK/X (sky130_fd_sc_hd__clkbuf_16)
                                                         clknet_2_0__leaf_CLK (net)
                      0.211347    0.001363    0.981470 ^ clkbuf_leaf_38_CLK/A (sky130_fd_sc_hd__clkbuf_8)
     5    0.033961    0.115442    0.331757    1.313227 ^ clkbuf_leaf_38_CLK/X (sky130_fd_sc_hd__clkbuf_8)
                                                         clknet_leaf_38_CLK (net)
                      0.115442    0.000166    1.313394 ^ _3943_/CLK (sky130_fd_sc_hd__dfrtp_1)
     3    0.010246    0.140427    0.826399    2.139793 v _3943_/Q (sky130_fd_sc_hd__dfrtp_1)
                                                         myPWM.g_pwm_channel[0].CHANNEL.f_count[20] (net)
                      0.140427    0.000150    2.139943 v fanout108/A (sky130_fd_sc_hd__buf_2)
    10    0.032692    0.159740    0.373196    2.513139 v fanout108/X (sky130_fd_sc_hd__buf_2)
                                                         net108 (net)
                      0.159740    0.000516    2.513655 v _2448_/B (sky130_fd_sc_hd__or2_1)
     1    0.003703    0.104949    0.504474    3.018129 v _2448_/X (sky130_fd_sc_hd__or2_1)
                                                         _0317_ (net)
                      0.104949    0.000052    3.018181 v _2449_/B2 (sky130_fd_sc_hd__a221o_1)
     1    0.009240    0.153546    0.676335    3.694517 v _2449_/X (sky130_fd_sc_hd__a221o_1)
                                                         _0318_ (net)
                      0.153546    0.000110    3.694627 v _2474_/B (sky130_fd_sc_hd__or4_1)
     1    0.002299    0.173140    1.180107    4.874733 v _2474_/X (sky130_fd_sc_hd__or4_1)
                                                         _0343_ (net)
                      0.173140    0.000026    4.874760 v _2479_/C (sky130_fd_sc_hd__or4_1)
     1    0.002253    0.172632    1.115433    5.990192 v _2479_/X (sky130_fd_sc_hd__or4_1)
                                                         _0348_ (net)
                      0.172632    0.000025    5.990218 v _2480_/C (sky130_fd_sc_hd__or3_1)
     2    0.008203    0.190739    0.832102    6.822320 v _2480_/X (sky130_fd_sc_hd__or3_1)
                                                         _0349_ (net)
                      0.190739    0.000223    6.822542 v _2481_/B (sky130_fd_sc_hd__or2_1)
     4    0.021298    0.248501    0.676687    7.499229 v _2481_/X (sky130_fd_sc_hd__or2_1)
                                                         _0350_ (net)
                      0.248501    0.000089    7.499318 v fanout70/A (sky130_fd_sc_hd__buf_2)
    21    0.055337    0.250340    0.497074    7.996391 v fanout70/X (sky130_fd_sc_hd__buf_2)
                                                         net70 (net)
                      0.250348    0.001672    7.998063 v fanout69/A (sky130_fd_sc_hd__clkbuf_4)
    10    0.048844    0.185327    0.446869    8.444932 v fanout69/X (sky130_fd_sc_hd__clkbuf_4)
                                                         net69 (net)
                      0.185327    0.000132    8.445065 v _2482_/A (sky130_fd_sc_hd__clkinv_4)
    21    0.075787    0.236161    0.267475    8.712540 ^ _2482_/Y (sky130_fd_sc_hd__clkinv_4)
                                                         _0351_ (net)
                      0.236209    0.002783    8.715322 ^ _2509_/A (sky130_fd_sc_hd__or3_1)
     3    0.013087    0.201726    0.352446    9.067768 ^ _2509_/X (sky130_fd_sc_hd__or3_1)
                                                         _0371_ (net)
                      0.201726    0.000107    9.067876 ^ _2589_/B (sky130_fd_sc_hd__nor2_1)
     1    0.002671    0.075610    0.119178    9.187053 v _2589_/Y (sky130_fd_sc_hd__nor2_1)
                                                         _0426_ (net)
                      0.075610    0.000013    9.187066 v _2591_/C1 (sky130_fd_sc_hd__a2111o_1)
     1    0.001973    0.100447    0.647543    9.834610 v _2591_/X (sky130_fd_sc_hd__a2111o_1)
                                                         _0428_ (net)
                      0.100447    0.000019    9.834628 v _2595_/A (sky130_fd_sc_hd__or3b_1)
     1    0.004520    0.158920    0.893620   10.728249 v _2595_/X (sky130_fd_sc_hd__or3b_1)
                                                         _0432_ (net)
                      0.158920    0.000093   10.728342 v _2600_/C (sky130_fd_sc_hd__or4_1)
     1    0.007789    0.236028    1.224447   11.952789 v _2600_/X (sky130_fd_sc_hd__or4_1)
                                                         _0437_ (net)
                      0.236028    0.000159   11.952949 v _2609_/A (sky130_fd_sc_hd__or4_1)
     1    0.007618    0.234341    1.354450   13.307398 v _2609_/X (sky130_fd_sc_hd__or4_1)
                                                         _0446_ (net)
                      0.234341    0.000242   13.307641 v _2617_/C (sky130_fd_sc_hd__or4_1)
     1    0.007937    0.239369    1.251000   14.558640 v _2617_/X (sky130_fd_sc_hd__or4_1)
                                                         _0454_ (net)
                      0.239369    0.000258   14.558899 v _2618_/D1 (sky130_fd_sc_hd__a2111o_1)
     1    0.003781    0.117593    0.632784   15.191683 v _2618_/X (sky130_fd_sc_hd__a2111o_1)
                                                         _0455_ (net)
                      0.117593    0.000050   15.191732 v _2621_/B1 (sky130_fd_sc_hd__a211o_1)
     1    0.003384    0.090637    0.520890   15.712623 v _2621_/X (sky130_fd_sc_hd__a211o_1)
                                                         _0458_ (net)
                      0.090637    0.000039   15.712662 v _2622_/B (sky130_fd_sc_hd__nor2_1)
     1    0.003125    0.137271    0.155621   15.868283 ^ _2622_/Y (sky130_fd_sc_hd__nor2_1)
                                                         myPWM.g_pwm_channel[0].CHANNEL.fcnt.rollover_flag_c (net)
                      0.137271    0.000041   15.868324 ^ _3922_/D (sky130_fd_sc_hd__dfrtp_1)
                                             15.868324   data arrival time

                                 25.000000   25.000000   clock CLK (rise edge)
                                  0.000000   25.000000   clock source latency
     2    0.041103    0.298064    0.208793   25.208792 ^ CLK (in)
                                                         CLK (net)
                      0.298209    0.000000   25.208792 ^ clkbuf_0_CLK/A (sky130_fd_sc_hd__clkbuf_16)
     9    0.078312    0.146653    0.392467   25.601259 ^ clkbuf_0_CLK/X (sky130_fd_sc_hd__clkbuf_16)
                                                         clknet_0_CLK (net)
                      0.146695    0.002380   25.603640 ^ clkbuf_2_0__f_CLK/A (sky130_fd_sc_hd__clkbuf_16)
    25    0.125060    0.211221    0.376467   25.980106 ^ clkbuf_2_0__f_CLK/X (sky130_fd_sc_hd__clkbuf_16)
                                                         clknet_2_0__leaf_CLK (net)
                      0.211373    0.002373   25.982479 ^ clkbuf_leaf_40_CLK/A (sky130_fd_sc_hd__clkbuf_8)
    11    0.037814    0.124631    0.338899   26.321379 ^ clkbuf_leaf_40_CLK/X (sky130_fd_sc_hd__clkbuf_8)
                                                         clknet_leaf_40_CLK (net)
                      0.124631    0.000183   26.321560 ^ _3922_/CLK (sky130_fd_sc_hd__dfrtp_1)
                                 -0.250000   26.071562   clock uncertainty
                                  0.000000   26.071562   clock reconvergence pessimism
                                 -0.140398   25.931164   library setup time
                                             25.931164   data required time
---------------------------------------------------------------------------------------------
                                             25.931164   data required time
                                            -15.868324   data arrival time
---------------------------------------------------------------------------------------------
                                             10.062840   slack (MET)




===========================================================================
report_checks --slack_max -0.01
============================================================================
======================= min_ss_100C_1v60 Corner ===================================

No paths found.


===========================================================================
 report_check_types -max_slew -max_cap -max_fanout -violators
============================================================================
======================= min_ss_100C_1v60 Corner ===================================

max fanout

Pin                                   Limit Fanout  Slack
---------------------------------------------------------
clkbuf_2_0__f_CLK/X                      10     25    -15 (VIOLATED)
clkbuf_2_1__f_CLK/X                      10     25    -15 (VIOLATED)
clkbuf_2_2__f_CLK/X                      10     25    -15 (VIOLATED)
clkbuf_2_3__f_CLK/X                      10     25    -15 (VIOLATED)
_2482_/Y                                 10     21    -11 (VIOLATED)
_3773_/Q                                 10     21    -11 (VIOLATED)
_3774_/Q                                 10     21    -11 (VIOLATED)
_3940_/Q                                 10     21    -11 (VIOLATED)
fanout100/X                              10     21    -11 (VIOLATED)
fanout102/X                              10     21    -11 (VIOLATED)
fanout104/X                              10     21    -11 (VIOLATED)
fanout115/X                              10     21    -11 (VIOLATED)
fanout117/X                              10     21    -11 (VIOLATED)
fanout124/X                              10     21    -11 (VIOLATED)
fanout127/X                              10     21    -11 (VIOLATED)
fanout129/X                              10     21    -11 (VIOLATED)
fanout137/X                              10     21    -11 (VIOLATED)
fanout144/X                              10     21    -11 (VIOLATED)
fanout165/X                              10     21    -11 (VIOLATED)
fanout168/X                              10     21    -11 (VIOLATED)
fanout70/X                               10     21    -11 (VIOLATED)
fanout71/X                               10     21    -11 (VIOLATED)
fanout72/X                               10     21    -11 (VIOLATED)
fanout73/X                               10     21    -11 (VIOLATED)
fanout75/X                               10     21    -11 (VIOLATED)
fanout77/X                               10     21    -11 (VIOLATED)
fanout79/X                               10     21    -11 (VIOLATED)
fanout81/X                               10     21    -11 (VIOLATED)
fanout83/X                               10     21    -11 (VIOLATED)
fanout85/X                               10     21    -11 (VIOLATED)
fanout87/X                               10     21    -11 (VIOLATED)
fanout90/X                               10     21    -11 (VIOLATED)
fanout92/X                               10     21    -11 (VIOLATED)
fanout94/X                               10     21    -11 (VIOLATED)
fanout96/X                               10     21    -11 (VIOLATED)
fanout98/X                               10     21    -11 (VIOLATED)
_2291_/Y                                 10     19     -9 (VIOLATED)
_3772_/Q                                 10     19     -9 (VIOLATED)
_3782_/Q                                 10     19     -9 (VIOLATED)
_3823_/Q                                 10     19     -9 (VIOLATED)
_3827_/Q                                 10     19     -9 (VIOLATED)
_3828_/Q                                 10     19     -9 (VIOLATED)
_3919_/Q                                 10     19     -9 (VIOLATED)
_3948_/Q                                 10     19     -9 (VIOLATED)
fanout158/X                              10     19     -9 (VIOLATED)
_3658_/Q                                 10     17     -7 (VIOLATED)
_3664_/Q                                 10     17     -7 (VIOLATED)
_3668_/Q                                 10     17     -7 (VIOLATED)
_3675_/Q                                 10     17     -7 (VIOLATED)
_3681_/Q                                 10     17     -7 (VIOLATED)
_3819_/Q                                 10     17     -7 (VIOLATED)
_3821_/Q                                 10     17     -7 (VIOLATED)
_3824_/Q                                 10     17     -7 (VIOLATED)
_3825_/Q                                 10     17     -7 (VIOLATED)
_3831_/Q                                 10     17     -7 (VIOLATED)
_3832_/Q                                 10     17     -7 (VIOLATED)
_3834_/Q                                 10     17     -7 (VIOLATED)
_3840_/Q                                 10     17     -7 (VIOLATED)
fanout154/X                              10     17     -7 (VIOLATED)
fanout74/X                               10     17     -7 (VIOLATED)
fanout78/X                               10     17     -7 (VIOLATED)
fanout82/X                               10     17     -7 (VIOLATED)
_2170_/Y                                 10     15     -5 (VIOLATED)
_2172_/Y                                 10     15     -5 (VIOLATED)
_3659_/Q                                 10     15     -5 (VIOLATED)
_3677_/Q                                 10     15     -5 (VIOLATED)
_3682_/Q                                 10     15     -5 (VIOLATED)
_3733_/Q                                 10     15     -5 (VIOLATED)
_3826_/Q                                 10     15     -5 (VIOLATED)
_3838_/Q                                 10     15     -5 (VIOLATED)
_3849_/Q                                 10     15     -5 (VIOLATED)
clkbuf_leaf_43_CLK/X                     10     15     -5 (VIOLATED)
clkbuf_leaf_4_CLK/X                      10     15     -5 (VIOLATED)
fanout149/X                              10     15     -5 (VIOLATED)
fanout86/X                               10     15     -5 (VIOLATED)
fanout99/X                               10     15     -5 (VIOLATED)
clkbuf_leaf_0_CLK/X                      10     14     -4 (VIOLATED)
_2138_/Y                                 10     13     -3 (VIOLATED)
_3655_/Q                                 10     13     -3 (VIOLATED)
_3661_/Q                                 10     13     -3 (VIOLATED)
_3662_/Q                                 10     13     -3 (VIOLATED)
_3663_/Q                                 10     13     -3 (VIOLATED)
_3676_/Q                                 10     13     -3 (VIOLATED)
_3680_/Q                                 10     13     -3 (VIOLATED)
_3683_/Q                                 10     13     -3 (VIOLATED)
_3734_/Q                                 10     13     -3 (VIOLATED)
_3836_/Q                                 10     13     -3 (VIOLATED)
_3839_/Q                                 10     13     -3 (VIOLATED)
_3842_/Q                                 10     13     -3 (VIOLATED)
_3843_/Q                                 10     13     -3 (VIOLATED)
_3844_/Q                                 10     13     -3 (VIOLATED)
_3845_/Q                                 10     13     -3 (VIOLATED)
clkbuf_leaf_21_CLK/X                     10     13     -3 (VIOLATED)
clkbuf_leaf_6_CLK/X                      10     13     -3 (VIOLATED)
fanout103/X                              10     13     -3 (VIOLATED)
fanout105/X                              10     13     -3 (VIOLATED)
fanout132/X                              10     13     -3 (VIOLATED)
fanout88/X                               10     13     -3 (VIOLATED)
fanout91/X                               10     13     -3 (VIOLATED)
fanout93/X                               10     13     -3 (VIOLATED)
fanout95/X                               10     13     -3 (VIOLATED)
fanout97/X                               10     13     -3 (VIOLATED)
input34/X                                10     13     -3 (VIOLATED)
input45/X                                10     13     -3 (VIOLATED)
input56/X                                10     13     -3 (VIOLATED)
clkbuf_leaf_23_CLK/X                     10     12     -2 (VIOLATED)
clkbuf_leaf_2_CLK/X                      10     12     -2 (VIOLATED)
_2140_/Y                                 10     11        (VIOLATED)
_3673_/Q                                 10     11        (VIOLATED)
_3678_/Q                                 10     11        (VIOLATED)
_3679_/Q                                 10     11        (VIOLATED)
_3847_/Q                                 10     11        (VIOLATED)
_3897_/Q                                 10     11        (VIOLATED)
clkbuf_leaf_12_CLK/X                     10     11        (VIOLATED)
clkbuf_leaf_29_CLK/X                     10     11        (VIOLATED)
clkbuf_leaf_33_CLK/X                     10     11        (VIOLATED)
clkbuf_leaf_40_CLK/X                     10     11        (VIOLATED)
clkbuf_leaf_42_CLK/X                     10     11        (VIOLATED)
fanout101/X                              10     11        (VIOLATED)
fanout169/X                              10     11        (VIOLATED)
fanout170/X                              10     11        (VIOLATED)
fanout76/X                               10     11        (VIOLATED)
fanout80/X                               10     11        (VIOLATED)
fanout84/X                               10     11        (VIOLATED)



===========================================================================
report_parasitic_annotation -report_unannotated
============================================================================
Found 82 unannotated drivers.
 ren
 strobe[0]
 strobe[1]
 strobe[2]
 strobe[3]
 _3974__171/HI
 _3977__172/HI
 _3978__173/HI
 _3979__174/HI
 _3980__175/HI
 _3981__176/HI
 _3982__177/HI
 _3983__178/HI
 _3984__179/HI
 _3985__180/HI
 _3986__181/HI
 _3987__182/HI
 _3988__183/HI
 _3989__184/HI
 _3990__185/HI
 _3991__186/HI
 _3992__187/HI
 _3993__188/HI
 _3994__189/HI
 _3995__190/HI
 _3996__191/HI
 _3997__192/HI
 _3998__193/HI
 _3999__194/HI
 _4000__195/HI
 _4001__196/HI
 _4002__197/HI
 _4003__198/HI
 _4004__199/HI
 _4005__200/HI
 _4006__201/HI
 _4007__202/HI
 _4008__203/HI
 _4009__204/HI
 clkload0/X
 clkload1/Y
 clkload10/Y
 clkload11/Y
 clkload12/Y
 clkload13/X
 clkload14/X
 clkload15/Y
 clkload16/Y
 clkload17/Y
 clkload18/Y
 clkload19/X
 clkload2/X
 clkload20/Y
 clkload21/Y
 clkload22/Y
 clkload23/Y
 clkload24/Y
 clkload25/Y
 clkload26/Y
 clkload27/Y
 clkload28/Y
 clkload29/Y
 clkload3/X
 clkload30/Y
 clkload31/Y
 clkload32/Y
 clkload33/Y
 clkload34/Y
 clkload35/Y
 clkload36/Y
 clkload37/Y
 clkload38/Y
 clkload39/Y
 clkload4/Y
 clkload40/Y
 clkload41/X
 clkload42/Y
 clkload5/Y
 clkload6/Y
 clkload7/Y
 clkload8/Y
 clkload9/Y
Found 0 partially unannotated drivers.

===========================================================================
max slew violation count 0
max fanout violation count 124
max cap violation count 0
============================================================================

===========================================================================
check_setup -verbose -unconstrained_endpoints -multiple_clock -no_clock -no_input_delay -loops -generated_clocks
===========================================================================
Warning: There are 34 unconstrained endpoints.
  error
  rdata[0]
  rdata[10]
  rdata[11]
  rdata[12]
  rdata[13]
  rdata[14]
  rdata[15]
  rdata[16]
  rdata[17]
  rdata[18]
  rdata[19]
  rdata[1]
  rdata[20]
  rdata[21]
  rdata[22]
  rdata[23]
  rdata[24]
  rdata[25]
  rdata[26]
  rdata[27]
  rdata[28]
  rdata[29]
  rdata[2]
  rdata[30]
  rdata[31]
  rdata[3]
  rdata[4]
  rdata[5]
  rdata[6]
  rdata[7]
  rdata[8]
  rdata[9]
  request_stall
