
===========================================================================
report_checks -unconstrained
===========================================================================
======================= nom_ff_n40C_1v95 Corner ===================================

Startpoint: nrst (input port clocked by clk)
Endpoint: _1334_ (recovery check against rising-edge clock clk)
Path Group: asynchronous
Path Type: max

Fanout         Cap        Slew       Delay        Time   Description
---------------------------------------------------------------------------------------------
                                  0.000000    0.000000   clock clk (rise edge)
                                  0.000000    0.000000   clock network delay (propagated)
                                  5.000000    5.000000 ^ input external delay
     1    0.003142    0.015137    0.008136    5.008136 ^ nrst (in)
                                                         nrst (net)
                      0.015143    0.000000    5.008136 ^ input2/A (sky130_fd_sc_hd__buf_1)
     3    0.014917    0.134446    0.118555    5.126691 ^ input2/X (sky130_fd_sc_hd__buf_1)
                                                         net2 (net)
                      0.134455    0.000905    5.127596 ^ fanout86/A (sky130_fd_sc_hd__buf_4)
    10    0.064683    0.136887    0.169192    5.296788 ^ fanout86/X (sky130_fd_sc_hd__buf_4)
                                                         net86 (net)
                      0.136899    0.001106    5.297894 ^ fanout85/A (sky130_fd_sc_hd__clkbuf_4)
    10    0.047105    0.111898    0.173049    5.470943 ^ fanout85/X (sky130_fd_sc_hd__clkbuf_4)
                                                         net85 (net)
                      0.112022    0.002428    5.473371 ^ _1334_/RESET_B (sky130_fd_sc_hd__dfrtp_2)
                                              5.473371   data arrival time

                                 25.000000   25.000000   clock clk (rise edge)
                                  0.000000   25.000000   clock source latency
     1    0.020075    0.071961    0.049218   25.049217 ^ clk (in)
                                                         clk (net)
                      0.071970    0.000000   25.049217 ^ clkbuf_0_clk/A (sky130_fd_sc_hd__clkbuf_16)
     4    0.042940    0.047462    0.109662   25.158878 ^ clkbuf_0_clk/X (sky130_fd_sc_hd__clkbuf_16)
                                                         clknet_0_clk (net)
                      0.047506    0.001249   25.160128 ^ clkbuf_2_3__f_clk/A (sky130_fd_sc_hd__clkbuf_16)
    11    0.034089    0.040991    0.098320   25.258448 ^ clkbuf_2_3__f_clk/X (sky130_fd_sc_hd__clkbuf_16)
                                                         clknet_2_3__leaf_clk (net)
                      0.041024    0.001204   25.259651 ^ _1334_/CLK (sky130_fd_sc_hd__dfrtp_2)
                                 -0.250000   25.009651   clock uncertainty
                                  0.000000   25.009651   clock reconvergence pessimism
                                  0.114472   25.124125   library recovery time
                                             25.124125   data required time
---------------------------------------------------------------------------------------------
                                             25.124125   data required time
                                             -5.473371   data arrival time
---------------------------------------------------------------------------------------------
                                             19.650753   slack (MET)


Startpoint: prescaler[9] (input port clocked by clk)
Endpoint: _1340_ (rising edge-triggered flip-flop clocked by clk)
Path Group: clk
Path Type: max

Fanout         Cap        Slew       Delay        Time   Description
---------------------------------------------------------------------------------------------
                                  0.000000    0.000000   clock clk (rise edge)
                                  0.000000    0.000000   clock network delay (propagated)
                                  5.000000    5.000000 ^ input external delay
     1    0.002877    0.014189    0.007441    5.007441 ^ prescaler[9] (in)
                                                         prescaler[9] (net)
                      0.014189    0.000000    5.007441 ^ input16/A (sky130_fd_sc_hd__buf_1)
     2    0.020074    0.178412    0.148210    5.155652 ^ input16/X (sky130_fd_sc_hd__buf_1)
                                                         net16 (net)
                      0.178413    0.000319    5.155971 ^ fanout87/A (sky130_fd_sc_hd__clkbuf_4)
    10    0.054585    0.128231    0.190753    5.346724 ^ fanout87/X (sky130_fd_sc_hd__clkbuf_4)
                                                         net87 (net)
                      0.128303    0.002504    5.349227 ^ _0681_/A (sky130_fd_sc_hd__xor2_2)
     3    0.013860    0.154899    0.144022    5.493249 ^ _0681_/X (sky130_fd_sc_hd__xor2_2)
                                                         _0057_ (net)
                      0.154899    0.000333    5.493582 ^ _0682_/B (sky130_fd_sc_hd__xnor2_2)
     2    0.012037    0.150192    0.096495    5.590076 ^ _0682_/Y (sky130_fd_sc_hd__xnor2_2)
                                                         _0058_ (net)
                      0.150192    0.000307    5.590384 ^ _0685_/B (sky130_fd_sc_hd__xor2_2)
     2    0.012455    0.143811    0.136752    5.727135 ^ _0685_/X (sky130_fd_sc_hd__xor2_2)
                                                         _0061_ (net)
                      0.143811    0.000272    5.727407 ^ _0686_/A3 (sky130_fd_sc_hd__a31o_1)
     2    0.012461    0.094602    0.141732    5.869140 ^ _0686_/X (sky130_fd_sc_hd__a31o_1)
                                                         _0062_ (net)
                      0.094602    0.000229    5.869368 ^ _0694_/A (sky130_fd_sc_hd__xor2_2)
     2    0.011775    0.138473    0.129561    5.998930 ^ _0694_/X (sky130_fd_sc_hd__xor2_2)
                                                         _0070_ (net)
                      0.138473    0.000247    5.999177 ^ _0852_/B (sky130_fd_sc_hd__xor2_2)
     2    0.013794    0.154348    0.145012    6.144189 ^ _0852_/X (sky130_fd_sc_hd__xor2_2)
                                                         _0228_ (net)
                      0.154348    0.000425    6.144613 ^ _0854_/B (sky130_fd_sc_hd__xor2_2)
     2    0.015485    0.167781    0.154294    6.298908 ^ _0854_/X (sky130_fd_sc_hd__xor2_2)
                                                         _0230_ (net)
                      0.167834    0.000342    6.299249 ^ _0855_/B (sky130_fd_sc_hd__xnor2_1)
     3    0.011775    0.207048    0.128874    6.428123 ^ _0855_/Y (sky130_fd_sc_hd__xnor2_1)
                                                         _0231_ (net)
                      0.207049    0.000353    6.428476 ^ _0858_/A (sky130_fd_sc_hd__xnor2_1)
     2    0.007978    0.070287    0.080095    6.508571 v _0858_/Y (sky130_fd_sc_hd__xnor2_1)
                                                         _0234_ (net)
                      0.070287    0.000187    6.508758 v _0863_/A (sky130_fd_sc_hd__nor2_1)
     2    0.013500    0.179972    0.170569    6.679327 ^ _0863_/Y (sky130_fd_sc_hd__nor2_1)
                                                         _0239_ (net)
                      0.179973    0.000465    6.679792 ^ _0869_/A4 (sky130_fd_sc_hd__a41oi_4)
     3    0.011777    0.079769    0.084208    6.764000 v _0869_/Y (sky130_fd_sc_hd__a41oi_4)
                                                         _0245_ (net)
                      0.079770    0.000494    6.764494 v _0902_/A2 (sky130_fd_sc_hd__a211o_1)
     2    0.013350    0.066177    0.233459    6.997953 v _0902_/X (sky130_fd_sc_hd__a211o_1)
                                                         _0278_ (net)
                      0.066178    0.000454    6.998407 v _0912_/A1 (sky130_fd_sc_hd__a21oi_4)
     5    0.022154    0.147463    0.150560    7.148967 ^ _0912_/Y (sky130_fd_sc_hd__a21oi_4)
                                                         _0288_ (net)
                      0.147463    0.000363    7.149330 ^ _0922_/C1 (sky130_fd_sc_hd__a211o_1)
     3    0.009333    0.068358    0.093860    7.243189 ^ _0922_/X (sky130_fd_sc_hd__a211o_1)
                                                         _0298_ (net)
                      0.068358    0.000311    7.243501 ^ _0924_/C_N (sky130_fd_sc_hd__or3b_1)
     2    0.005739    0.054296    0.209997    7.453497 v _0924_/X (sky130_fd_sc_hd__or3b_1)
                                                         _0300_ (net)
                      0.054296    0.000132    7.453630 v _0956_/C_N (sky130_fd_sc_hd__or3b_1)
     1    0.002627    0.031912    0.110247    7.563877 ^ _0956_/X (sky130_fd_sc_hd__or3b_1)
                                                         _0332_ (net)
                      0.031912    0.000051    7.563928 ^ _0957_/A2 (sky130_fd_sc_hd__a211oi_1)
     2    0.008036    0.072679    0.055612    7.619539 v _0957_/Y (sky130_fd_sc_hd__a211oi_1)
                                                         _0333_ (net)
                      0.072680    0.000265    7.619804 v _0960_/B (sky130_fd_sc_hd__or3_1)
     1    0.003574    0.046354    0.210693    7.830496 v _0960_/X (sky130_fd_sc_hd__or3_1)
                                                         _0336_ (net)
                      0.046354    0.000109    7.830606 v fanout60/A (sky130_fd_sc_hd__buf_2)
     7    0.042017    0.074676    0.132759    7.963365 v fanout60/X (sky130_fd_sc_hd__buf_2)
                                                         net60 (net)
                      0.074697    0.001212    7.964577 v fanout59/A (sky130_fd_sc_hd__buf_2)
    10    0.041712    0.074363    0.143599    8.108175 v fanout59/X (sky130_fd_sc_hd__buf_2)
                                                         net59 (net)
                      0.074516    0.002943    8.111118 v _1035_/C (sky130_fd_sc_hd__or4_1)
     4    0.013089    0.094594    0.324534    8.435653 v _1035_/X (sky130_fd_sc_hd__or4_1)
                                                         _0411_ (net)
                      0.094594    0.000250    8.435902 v _1053_/B (sky130_fd_sc_hd__or2_1)
     2    0.005790    0.041900    0.154015    8.589917 v _1053_/X (sky130_fd_sc_hd__or2_1)
                                                         _0428_ (net)
                      0.041900    0.000125    8.590043 v _1213_/A2 (sky130_fd_sc_hd__a311o_1)
     1    0.002889    0.039458    0.190868    8.780910 v _1213_/X (sky130_fd_sc_hd__a311o_1)
                                                         _0557_ (net)
                      0.039458    0.000092    8.781003 v _1214_/C (sky130_fd_sc_hd__or4b_1)
     1    0.010093    0.084434    0.301443    9.082446 v _1214_/X (sky130_fd_sc_hd__or4b_1)
                                                         _0558_ (net)
                      0.084435    0.000528    9.082974 v _1228_/A (sky130_fd_sc_hd__or4_1)
     1    0.003208    0.055186    0.307601    9.390575 v _1228_/X (sky130_fd_sc_hd__or4_1)
                                                         _0572_ (net)
                      0.055186    0.000099    9.390676 v _1253_/A (sky130_fd_sc_hd__nor2_1)
     1    0.009128    0.127329    0.127844    9.518518 ^ _1253_/Y (sky130_fd_sc_hd__nor2_1)
                                                         clk_divider.next_flag (net)
                      0.127331    0.000416    9.518934 ^ _1340_/D (sky130_fd_sc_hd__dfrtp_1)
                                              9.518934   data arrival time

                                 25.000000   25.000000   clock clk (rise edge)
                                  0.000000   25.000000   clock source latency
     1    0.020075    0.071961    0.049218   25.049217 ^ clk (in)
                                                         clk (net)
                      0.071970    0.000000   25.049217 ^ clkbuf_0_clk/A (sky130_fd_sc_hd__clkbuf_16)
     4    0.042940    0.047462    0.109662   25.158878 ^ clkbuf_0_clk/X (sky130_fd_sc_hd__clkbuf_16)
                                                         clknet_0_clk (net)
                      0.047506    0.001249   25.160128 ^ clkbuf_2_3__f_clk/A (sky130_fd_sc_hd__clkbuf_16)
    11    0.034089    0.040991    0.098320   25.258448 ^ clkbuf_2_3__f_clk/X (sky130_fd_sc_hd__clkbuf_16)
                                                         clknet_2_3__leaf_clk (net)
                      0.040993    0.000426   25.258873 ^ _1340_/CLK (sky130_fd_sc_hd__dfrtp_1)
                                 -0.250000   25.008873   clock uncertainty
                                  0.000000   25.008873   clock reconvergence pessimism
                                 -0.042561   24.966312   library setup time
                                             24.966312   data required time
---------------------------------------------------------------------------------------------
                                             24.966312   data required time
                                             -9.518934   data arrival time
---------------------------------------------------------------------------------------------
                                             15.447377   slack (MET)




===========================================================================
report_checks --slack_max -0.01
============================================================================
======================= nom_ff_n40C_1v95 Corner ===================================

No paths found.


===========================================================================
 report_check_types -max_slew -max_cap -max_fanout -violators
============================================================================
======================= nom_ff_n40C_1v95 Corner ===================================

max fanout

Pin                                   Limit Fanout  Slack
---------------------------------------------------------
clkbuf_2_3__f_clk/X                      10     11        (VIOLATED)



===========================================================================
report_parasitic_annotation -report_unannotated
============================================================================
Found 3 unannotated drivers.
 clkload0/X
 clkload1/Y
 clkload2/Y
Found 0 partially unannotated drivers.

===========================================================================
max slew violation count 0
max fanout violation count 1
max cap violation count 0
============================================================================

===========================================================================
check_setup -verbose -unconstrained_endpoints -multiple_clock -no_clock -no_input_delay -loops -generated_clocks
===========================================================================
