Clock: hz100
Sources: hz100 
Generated: no
Virtual: yes
Propagated: no
Period: 25.000000

===========================================================================
report_clock_properties
============================================================================
Clock                   Period          Waveform
----------------------------------------------------
hz100                25.000000    0.000000 12.500000

===========================================================================
report_clock_latency
============================================================================
Clock hz100
rise -> rise
    min     max
0.000000 0.000000 source latency
0.452547         network latency _3404_/CLK
        5.562471 network latency _3322_/CLK
---------------
0.452547 5.562471 latency
        5.109924 skew

rise -> fall
    min     max
0.000000 0.000000 source latency
5.218928         network latency _3275_/CLK
        5.646216 network latency _3322_/CLK
---------------
5.218928 5.646216 latency
        0.427289 skew

fall -> fall
    min     max
0.000000 0.000000 source latency
0.401680         network latency _3404_/CLK
        0.425917 network latency _3310_/CLK
---------------
0.401680 0.425917 latency
        0.024238 skew



===========================================================================
report_clock_min_period
============================================================================
hz100 period_min = 3.04 fmax = 329.03
