Clock: hz100
Sources: hz100 
Generated: no
Virtual: yes
Propagated: no
Period: 25.000000

===========================================================================
report_clock_properties
============================================================================
Clock                   Period          Waveform
----------------------------------------------------
hz100                25.000000    0.000000 12.500000

===========================================================================
report_clock_latency
============================================================================
Clock hz100
rise -> rise
    min     max
0.000000 0.000000 source latency
1.130919         network latency _3404_/CLK
        6.529078 network latency _3316_/CLK
---------------
1.130919 6.529078 latency
        5.398160 skew

rise -> fall
    min     max
0.000000 0.000000 source latency
5.608130         network latency _3275_/CLK
        6.755941 network latency _3316_/CLK
---------------
5.608130 6.755941 latency
        1.147810 skew

fall -> fall
    min     max
0.000000 0.000000 source latency
1.043529         network latency _3404_/CLK
        1.091800 network latency _3310_/CLK
---------------
1.043529 1.091800 latency
        0.048272 skew



===========================================================================
report_clock_min_period
============================================================================
hz100 period_min = 9.28 fmax = 107.79
