
===========================================================================
report_checks -unconstrained
===========================================================================
======================= max_tt_025C_1v80 Corner ===================================

Startpoint: nrst (input port clocked by clk)
Endpoint: _2718_ (recovery check against rising-edge clock clk)
Path Group: asynchronous
Path Type: max

Fanout         Cap        Slew       Delay        Time   Description
---------------------------------------------------------------------------------------------
                                  0.000000    0.000000   clock clk (rise edge)
                                  0.000000    0.000000   clock network delay (propagated)
                                  5.000000    5.000000 ^ input external delay
     1    0.002619    0.018957    0.009725    5.009725 ^ nrst (in)
                                                         nrst (net)
                      0.018957    0.000000    5.009725 ^ input9/A (sky130_fd_sc_hd__clkbuf_1)
     1    0.006224    0.082156    0.098656    5.108381 ^ input9/X (sky130_fd_sc_hd__clkbuf_1)
                                                         net9 (net)
                      0.082161    0.000501    5.108883 ^ fanout144/A (sky130_fd_sc_hd__clkbuf_4)
     7    0.078960    0.239094    0.284779    5.393661 ^ fanout144/X (sky130_fd_sc_hd__clkbuf_4)
                                                         net144 (net)
                      0.239519    0.008279    5.401941 ^ fanout143/A (sky130_fd_sc_hd__buf_2)
     6    0.045838    0.225425    0.293272    5.695212 ^ fanout143/X (sky130_fd_sc_hd__buf_2)
                                                         net143 (net)
                      0.225548    0.004375    5.699588 ^ fanout142/A (sky130_fd_sc_hd__buf_2)
     7    0.037264    0.184580    0.263254    5.962842 ^ fanout142/X (sky130_fd_sc_hd__buf_2)
                                                         net142 (net)
                      0.184716    0.003074    5.965915 ^ fanout141/A (sky130_fd_sc_hd__clkbuf_2)
     6    0.034627    0.190476    0.251290    6.217205 ^ fanout141/X (sky130_fd_sc_hd__clkbuf_2)
                                                         net141 (net)
                      0.190581    0.003683    6.220888 ^ fanout139/A (sky130_fd_sc_hd__clkbuf_4)
    10    0.045940    0.145651    0.260289    6.481177 ^ fanout139/X (sky130_fd_sc_hd__clkbuf_4)
                                                         net139 (net)
                      0.145667    0.001584    6.482760 ^ _2718_/SET_B (sky130_fd_sc_hd__dfstp_1)
                                              6.482760   data arrival time

                                 25.000000   25.000000   clock clk (rise edge)
                                  0.000000   25.000000   clock source latency
     1    0.038867    0.178830    0.126281   25.126280 ^ clk (in)
                                                         clk (net)
                      0.178973    0.000000   25.126280 ^ clkbuf_0_clk/A (sky130_fd_sc_hd__clkbuf_16)
    16    0.146315    0.159874    0.256566   25.382847 ^ clkbuf_0_clk/X (sky130_fd_sc_hd__clkbuf_16)
                                                         clknet_0_clk (net)
                      0.160611    0.008816   25.391663 ^ clkbuf_4_12_0_clk/A (sky130_fd_sc_hd__clkbuf_8)
     9    0.044904    0.090484    0.201920   25.593582 ^ clkbuf_4_12_0_clk/X (sky130_fd_sc_hd__clkbuf_8)
                                                         clknet_4_12_0_clk (net)
                      0.090563    0.002439   25.596022 ^ _2718_/CLK (sky130_fd_sc_hd__dfstp_1)
                                 -0.250000   25.346024   clock uncertainty
                                  0.000000   25.346024   clock reconvergence pessimism
                                  0.140513   25.486536   library recovery time
                                             25.486536   data required time
---------------------------------------------------------------------------------------------
                                             25.486536   data required time
                                             -6.482760   data arrival time
---------------------------------------------------------------------------------------------
                                             19.003775   slack (MET)


Startpoint: clk (clock source 'clk')
Endpoint: gpio[24] (output port clocked by clk)
Path Group: clk
Path Type: max

Fanout         Cap        Slew       Delay        Time   Description
---------------------------------------------------------------------------------------------
                                 12.500000   12.500000   clock clk (fall edge)
                                  0.000000   12.500000   clock source latency
     1    0.037873    0.085635    0.061954   12.561954 v clk (in)
                                                         clk (net)
                      0.085906    0.000000   12.561954 v clkbuf_0_clk/A (sky130_fd_sc_hd__clkbuf_16)
    16    0.138635    0.100757    0.222726   12.784679 v clkbuf_0_clk/X (sky130_fd_sc_hd__clkbuf_16)
                                                         clknet_0_clk (net)
                      0.101091    0.004706   12.789386 v clkbuf_4_8_0_clk/A (sky130_fd_sc_hd__clkbuf_8)
     6    0.053275    0.070872    0.199658   12.989044 v clkbuf_4_8_0_clk/X (sky130_fd_sc_hd__clkbuf_8)
                                                         clknet_4_8_0_clk (net)
                      0.071027    0.002885   12.991929 v _2272_/A (sky130_fd_sc_hd__and2_2)
     1    0.034484    0.105078    0.250949   13.242877 v _2272_/X (sky130_fd_sc_hd__and2_2)
                                                         gpio[24] (net)
     0    0.034484    0.105107    0.001655   13.244532 v gpio[24] (inout)
                                                         gpio[24] (net)
                                             13.244532   data arrival time

                                 25.000000   25.000000   clock clk (rise edge)
                                  0.000000   25.000000   clock network delay (propagated)
                                 -0.250000   24.750000   clock uncertainty
                                  0.000000   24.750000   clock reconvergence pessimism
                                 -5.000000   19.750000   output external delay
                                             19.750000   data required time
---------------------------------------------------------------------------------------------
                                             19.750000   data required time
                                            -13.244532   data arrival time
---------------------------------------------------------------------------------------------
                                              6.505467   slack (MET)




===========================================================================
report_checks --slack_max -0.01
============================================================================
======================= max_tt_025C_1v80 Corner ===================================

No paths found.


===========================================================================
 report_check_types -max_slew -max_cap -max_fanout -violators
============================================================================
======================= max_tt_025C_1v80 Corner ===================================

max fanout

Pin                                   Limit Fanout  Slack
---------------------------------------------------------
clkbuf_0_clk/X                           10     16     -6 (VIOLATED)
clkbuf_4_5_0_clk/X                       10     16     -6 (VIOLATED)
clkbuf_4_4_0_clk/X                       10     14     -4 (VIOLATED)
clkbuf_4_2_0_clk/X                       10     12     -2 (VIOLATED)
clkbuf_4_6_0_clk/X                       10     11        (VIOLATED)



===========================================================================
report_parasitic_annotation -report_unannotated
============================================================================
Found 17 unannotated drivers.
 cs
 gpio[25]
 clkload0/Y
 clkload1/Y
 clkload10/Y
 clkload11/Y
 clkload12/Y
 clkload13/Y
 clkload14/Y
 clkload2/Y
 clkload3/Y
 clkload4/Y
 clkload5/Y
 clkload6/Y
 clkload7/Y
 clkload8/Y
 clkload9/Y
Found 0 partially unannotated drivers.

===========================================================================
max slew violation count 0
max fanout violation count 5
max cap violation count 0
============================================================================

===========================================================================
check_setup -verbose -unconstrained_endpoints -multiple_clock -no_clock -no_input_delay -loops -generated_clocks
===========================================================================
Warning: There are 6 unconstrained endpoints.
  gpio[16]
  gpio[17]
  gpio[18]
  gpio[19]
  gpio[20]
  gpio[25]
